This is pdfTeX, Version 3.141592653-2.6-1.40.27 (TeX Live 2025/Homebrew) (preloaded format=pdflatex 2025.3.15)  15 SEP 2025 16:10
entering extended mode
 restricted \write18 enabled.
 file:line:error style messages enabled.
 %&-line parsing enabled.
**/Users/axelpigeon/Documents/Licence/Fiche-Licence-Maths/main.tex
(/Users/axelpigeon/Documents/Licence/Fiche-Licence-Maths/main.tex
LaTeX2e <2024-11-01> patch level 2
L3 programming layer <2025-01-18>
(/opt/homebrew/Cellar/texlive/20250308_1/share/texmf-dist/tex/latex/base/book.cls
Document Class: book 2024/06/29 v1.4n Standard LaTeX document class
(/opt/homebrew/Cellar/texlive/20250308_1/share/texmf-dist/tex/latex/base/bk10.clo
File: bk10.clo 2024/06/29 v1.4n Standard LaTeX file (size option)
)
\c@part=\count196
\c@chapter=\count197
\c@section=\count198
\c@subsection=\count199
\c@subsubsection=\count266
\c@paragraph=\count267
\c@subparagraph=\count268
\c@figure=\count269
\c@table=\count270
\abovecaptionskip=\skip49
\belowcaptionskip=\skip50
\bibindent=\dimen141
) (/opt/homebrew/Cellar/texlive/20250308_1/share/texmf-dist/tex/generic/babel/babel.sty
Package: babel 2025/02/14 v25.4 The multilingual framework for pdfLaTeX, LuaLaTeX and XeLaTeX
\babel@savecnt=\count271
\U@D=\dimen142
\l@unhyphenated=\language90
 (/opt/homebrew/Cellar/texlive/20250308_1/share/texmf-dist/tex/generic/babel/txtbabel.def)
\bbl@readstream=\read2
\bbl@dirlevel=\count272
 (/opt/homebrew/Cellar/texlive/20250308_1/share/texmf-dist/tex/generic/babel-french/french.ldf
Language: french 2024-07-25 v3.6c French support from the babel system
Package babel Info: Hyphen rules for 'acadian' set to \l@french
(babel)             (\language30). Reported on input line 91.
Package babel Info: Hyphen rules for 'canadien' set to \l@french
(babel)             (\language30). Reported on input line 92.
\FB@stdchar=\count273
Package babel Info: Making : an active character on input line 421.
Package babel Info: Making ; an active character on input line 422.
Package babel Info: Making ! an active character on input line 423.
Package babel Info: Making ? an active character on input line 424.
\FBguill@level=\count274
\FBold@everypar=\toks17
\FB@Mht=\dimen143
\mc@charclass=\count275
\mc@charfam=\count276
\mc@charslot=\count277
\std@mcc=\count278
\dec@mcc=\count279
\FB@parskip=\dimen144
\listindentFB=\dimen145
\descindentFB=\dimen146
\labelindentFB=\dimen147
\labelwidthFB=\dimen148
\leftmarginFB=\dimen149
\parindentFFN=\dimen150
\FBfnindent=\dimen151
)) (/opt/homebrew/Cellar/texlive/20250308_1/share/texmf-dist/tex/generic/babel/locale/fr/babel-french.tex
Package babel Info: Importing font and identification data for french
(babel)             from babel-fr.ini. Reported on input line 11.
) (/opt/homebrew/Cellar/texlive/20250308_1/share/texmf-dist/tex/latex/carlisle/scalefnt.sty) (/opt/homebrew/Cellar/texlive/20250308_1/share/texmf-dist/tex/latex/base/fontenc.sty
Package: fontenc 2021/04/29 v2.0v Standard LaTeX package
) (/opt/homebrew/Cellar/texlive/20250308_1/share/texmf-dist/tex/latex/ragged2e/ragged2e.sty
Package: ragged2e 2023/06/22 v3.6 ragged2e Package
\CenteringLeftskip=\skip51
\RaggedLeftLeftskip=\skip52
\RaggedRightLeftskip=\skip53
\CenteringRightskip=\skip54
\RaggedLeftRightskip=\skip55
\RaggedRightRightskip=\skip56
\CenteringParfillskip=\skip57
\RaggedLeftParfillskip=\skip58
\RaggedRightParfillskip=\skip59
\JustifyingParfillskip=\skip60
\CenteringParindent=\skip61
\RaggedLeftParindent=\skip62
\RaggedRightParindent=\skip63
\JustifyingParindent=\skip64
) (/opt/homebrew/Cellar/texlive/20250308_1/share/texmf-dist/tex/latex/amsfonts/amsfonts.sty
Package: amsfonts 2013/01/14 v3.01 Basic AMSFonts support
\@emptytoks=\toks18
\symAMSa=\mathgroup4
\symAMSb=\mathgroup5
LaTeX Font Info:    Redeclaring math symbol \hbar on input line 98.
LaTeX Font Info:    Overwriting math alphabet `\mathfrak' in version `bold'
(Font)                  U/euf/m/n --> U/euf/b/n on input line 106.
) (/opt/homebrew/Cellar/texlive/20250308_1/share/texmf-dist/tex/generic/systeme/systeme.sty (/opt/homebrew/Cellar/texlive/20250308_1/share/texmf-dist/tex/generic/xstring/xstring.sty (/opt/homebrew/Cellar/texlive/20250308_1/share/texmf-dist/tex/generic/xstring/xstring.tex
\xs_counta=\count280
\xs_countb=\count281
)
Package: xstring 2023/08/22 v1.86 String manipulations (CT)
) (/opt/homebrew/Cellar/texlive/20250308_1/share/texmf-dist/tex/generic/systeme/systeme.tex
\SYS_code_toks=\toks19
\SYS_preamble_toks=\toks20
\SYSeqnum=\count282
)
Package: systeme 2025/02/16 v0.35 Mise en forme de systemes d'equations (CT)
) (/opt/homebrew/Cellar/texlive/20250308_1/share/texmf-dist/tex/latex/amsmath/amsmath.sty
Package: amsmath 2024/11/05 v2.17t AMS math features
\@mathmargin=\skip65

For additional information on amsmath, use the `?' option.
(/opt/homebrew/Cellar/texlive/20250308_1/share/texmf-dist/tex/latex/amsmath/amstext.sty
Package: amstext 2021/08/26 v2.01 AMS text
 (/opt/homebrew/Cellar/texlive/20250308_1/share/texmf-dist/tex/latex/amsmath/amsgen.sty
File: amsgen.sty 1999/11/30 v2.0 generic functions
\@emptytoks=\toks21
\ex@=\dimen152
)) (/opt/homebrew/Cellar/texlive/20250308_1/share/texmf-dist/tex/latex/amsmath/amsbsy.sty
Package: amsbsy 1999/11/29 v1.2d Bold Symbols
\pmbraise@=\dimen153
) (/opt/homebrew/Cellar/texlive/20250308_1/share/texmf-dist/tex/latex/amsmath/amsopn.sty
Package: amsopn 2022/04/08 v2.04 operator names
)
\inf@bad=\count283
LaTeX Info: Redefining \frac on input line 233.
\uproot@=\count284
\leftroot@=\count285
LaTeX Info: Redefining \overline on input line 398.
LaTeX Info: Redefining \colon on input line 409.
\classnum@=\count286
\DOTSCASE@=\count287
LaTeX Info: Redefining \ldots on input line 495.
LaTeX Info: Redefining \dots on input line 498.
LaTeX Info: Redefining \cdots on input line 619.
\Mathstrutbox@=\box52
\strutbox@=\box53
LaTeX Info: Redefining \big on input line 721.
LaTeX Info: Redefining \Big on input line 722.
LaTeX Info: Redefining \bigg on input line 723.
LaTeX Info: Redefining \Bigg on input line 724.
\big@size=\dimen154
LaTeX Font Info:    Redeclaring font encoding OML on input line 742.
LaTeX Font Info:    Redeclaring font encoding OMS on input line 743.
\macc@depth=\count288
LaTeX Info: Redefining \bmod on input line 904.
LaTeX Info: Redefining \pmod on input line 909.
LaTeX Info: Redefining \smash on input line 939.
LaTeX Info: Redefining \relbar on input line 969.
LaTeX Info: Redefining \Relbar on input line 970.
\c@MaxMatrixCols=\count289
\dotsspace@=\muskip17
\c@parentequation=\count290
\dspbrk@lvl=\count291
\tag@help=\toks22
\row@=\count292
\column@=\count293
\maxfields@=\count294
\andhelp@=\toks23
\eqnshift@=\dimen155
\alignsep@=\dimen156
\tagshift@=\dimen157
\tagwidth@=\dimen158
\totwidth@=\dimen159
\lineht@=\dimen160
\@envbody=\toks24
\multlinegap=\skip66
\multlinetaggap=\skip67
\mathdisplay@stack=\toks25
LaTeX Info: Redefining \[ on input line 2953.
LaTeX Info: Redefining \] on input line 2954.
) (/opt/homebrew/Cellar/texlive/20250308_1/share/texmf-dist/tex/latex/amsfonts/amssymb.sty
Package: amssymb 2013/01/14 v3.01 AMS font symbols
) (/opt/homebrew/Cellar/texlive/20250308_1/share/texmf-dist/tex/latex/comment/comment.sty
\CommentStream=\write3
 Excluding comment 'comment') (/opt/homebrew/Cellar/texlive/20250308_1/share/texmf-dist/tex/latex/tools/multicol.sty
Package: multicol 2024/09/14 v1.9i multicolumn formatting (FMi)
\c@tracingmulticols=\count295
\mult@box=\box54
\multicol@leftmargin=\dimen161
\c@unbalance=\count296
\c@collectmore=\count297
\doublecol@number=\count298
\multicoltolerance=\count299
\multicolpretolerance=\count300
\full@width=\dimen162
\page@free=\dimen163
\premulticols=\dimen164
\postmulticols=\dimen165
\multicolsep=\skip68
\multicolbaselineskip=\skip69
\partial@page=\box55
\last@line=\box56
\mc@boxedresult=\box57
\maxbalancingoverflow=\dimen166
\mult@rightbox=\box58
\mult@grightbox=\box59
\mult@firstbox=\box60
\mult@gfirstbox=\box61
\@tempa=\box62
\@tempa=\box63
\@tempa=\box64
\@tempa=\box65
\@tempa=\box66
\@tempa=\box67
\@tempa=\box68
\@tempa=\box69
\@tempa=\box70
\@tempa=\box71
\@tempa=\box72
\@tempa=\box73
\@tempa=\box74
\@tempa=\box75
\@tempa=\box76
\@tempa=\box77
\@tempa=\box78
\@tempa=\box79
\@tempa=\box80
\@tempa=\box81
\@tempa=\box82
\@tempa=\box83
\@tempa=\box84
\@tempa=\box85
\@tempa=\box86
\@tempa=\box87
\@tempa=\box88
\@tempa=\box89
\@tempa=\box90
\@tempa=\box91
\@tempa=\box92
\@tempa=\box93
\@tempa=\box94
\@tempa=\box95
\@tempa=\box96
\@tempa=\box97
\c@minrows=\count301
\c@columnbadness=\count302
\c@finalcolumnbadness=\count303
\last@try=\dimen167
\multicolovershoot=\dimen168
\multicolundershoot=\dimen169
\mult@nat@firstbox=\box98
\colbreak@box=\box99
\mc@col@check@num=\count304
) (/opt/homebrew/Cellar/texlive/20250308_1/share/texmf-dist/tex/latex/lipsum/lipsum.sty (/opt/homebrew/Cellar/texlive/20250308_1/share/texmf-dist/tex/latex/l3packages/l3keys2e/l3keys2e.sty (/opt/homebrew/Cellar/texlive/20250308_1/share/texmf-dist/tex/latex/l3kernel/expl3.sty
Package: expl3 2025-01-18 L3 programming layer (loader) 
 (/opt/homebrew/Cellar/texlive/20250308_1/share/texmf-dist/tex/latex/l3backend/l3backend-pdftex.def
File: l3backend-pdftex.def 2024-05-08 L3 backend support: PDF output (pdfTeX)
\l__color_backend_stack_int=\count305
\l__pdf_internal_box=\box100
))
Package: l3keys2e 2024-08-16 LaTeX2e option processing using LaTeX3 keys
)
Package: lipsum 2021-09-20 v2.7 150 paragraphs of Lorem Ipsum dummy text
\g__lipsum_par_int=\count306
\l__lipsum_a_int=\count307
\l__lipsum_b_int=\count308
 (/opt/homebrew/Cellar/texlive/20250308_1/share/texmf-dist/tex/latex/lipsum/lipsum.ltd.tex)) (/opt/homebrew/Cellar/texlive/20250308_1/share/texmf-dist/tex/latex/graphics/graphicx.sty
Package: graphicx 2021/09/16 v1.2d Enhanced LaTeX Graphics (DPC,SPQR)
 (/opt/homebrew/Cellar/texlive/20250308_1/share/texmf-dist/tex/latex/graphics/keyval.sty
Package: keyval 2022/05/29 v1.15 key=value parser (DPC)
\KV@toks@=\toks26
) (/opt/homebrew/Cellar/texlive/20250308_1/share/texmf-dist/tex/latex/graphics/graphics.sty
Package: graphics 2024/08/06 v1.4g Standard LaTeX Graphics (DPC,SPQR)
 (/opt/homebrew/Cellar/texlive/20250308_1/share/texmf-dist/tex/latex/graphics/trig.sty
Package: trig 2023/12/02 v1.11 sin cos tan (DPC)
) (/opt/homebrew/Cellar/texlive/20250308_1/share/texmf-dist/tex/latex/graphics-cfg/graphics.cfg
File: graphics.cfg 2016/06/04 v1.11 sample graphics configuration
)
Package graphics Info: Driver file: pdftex.def on input line 106.
 (/opt/homebrew/Cellar/texlive/20250308_1/share/texmf-dist/tex/latex/graphics-def/pdftex.def
File: pdftex.def 2024/04/13 v1.2c Graphics/color driver for pdftex
))
\Gin@req@height=\dimen170
\Gin@req@width=\dimen171
) (/opt/homebrew/Cellar/texlive/20250308_1/share/texmf-dist/tex/latex/stmaryrd/stmaryrd.sty
Package: stmaryrd 1994/03/03 St Mary's Road symbol package
\symstmry=\mathgroup6
LaTeX Font Info:    Overwriting symbol font `stmry' in version `bold'
(Font)                  U/stmry/m/n --> U/stmry/b/n on input line 89.
) (/opt/homebrew/Cellar/texlive/20250308_1/share/texmf-dist/tex/latex/wrapfig/wrapfig.sty
\wrapoverhang=\dimen172
\WF@size=\dimen173
\c@WF@wrappedlines=\count309
\WF@box=\box101
\WF@everypar=\toks27
Package: wrapfig 2003/01/31  v 3.6
) (/opt/homebrew/Cellar/texlive/20250308_1/share/texmf-dist/tex/latex/colortbl/colortbl.sty
Package: colortbl 2024/07/06 v1.0i Color table columns (DPC)
 (/opt/homebrew/Cellar/texlive/20250308_1/share/texmf-dist/tex/latex/tools/array.sty
Package: array 2024/10/17 v2.6g Tabular extension package (FMi)
\col@sep=\dimen174
\ar@mcellbox=\box102
\extrarowheight=\dimen175
\NC@list=\toks28
\extratabsurround=\skip70
\backup@length=\skip71
\ar@cellbox=\box103
) (/opt/homebrew/Cellar/texlive/20250308_1/share/texmf-dist/tex/latex/graphics/color.sty
Package: color 2024/06/23 v1.3e Standard LaTeX Color (DPC)
 (/opt/homebrew/Cellar/texlive/20250308_1/share/texmf-dist/tex/latex/graphics-cfg/color.cfg
File: color.cfg 2016/01/02 v1.6 sample color configuration
)
Package color Info: Driver file: pdftex.def on input line 149.
 (/opt/homebrew/Cellar/texlive/20250308_1/share/texmf-dist/tex/latex/graphics/mathcolor.ltx))
\everycr=\toks29
\minrowclearance=\skip72
\rownum=\count310
) (/opt/homebrew/Cellar/texlive/20250308_1/share/texmf-dist/tex/latex/cellspace/cellspace.sty
Package: cellspace 2022/01/04 v1.9.0 Spacing table cells (JN)
 (/opt/homebrew/Cellar/texlive/20250308_1/share/texmf-dist/tex/latex/base/ifthen.sty
Package: ifthen 2024/03/16 v1.1e Standard LaTeX ifthen package (DPC)
) (/opt/homebrew/Cellar/texlive/20250308_1/share/texmf-dist/tex/latex/tools/calc.sty
Package: calc 2023/07/08 v4.3 Infix arithmetic (KKT,FJ)
\calc@Acount=\count311
\calc@Bcount=\count312
\calc@Adimen=\dimen176
\calc@Bdimen=\dimen177
\calc@Askip=\skip73
\calc@Bskip=\skip74
LaTeX Info: Redefining \setlength on input line 80.
LaTeX Info: Redefining \addtolength on input line 81.
\calc@Ccount=\count313
\calc@Cskip=\skip75
) (/opt/homebrew/Cellar/texlive/20250308_1/share/texmf-dist/tex/latex/xkeyval/xkeyval.sty
Package: xkeyval 2022/06/16 v2.9 package option processing (HA)
 (/opt/homebrew/Cellar/texlive/20250308_1/share/texmf-dist/tex/generic/xkeyval/xkeyval.tex (/opt/homebrew/Cellar/texlive/20250308_1/share/texmf-dist/tex/generic/xkeyval/xkvutils.tex
\XKV@toks=\toks30
\XKV@tempa@toks=\toks31
)
\XKV@depth=\count314
File: xkeyval.tex 2014/12/03 v2.7a key=value parser (HA)
))
\cellspacetoplimit=\dimen178
\cellspacebottomlimit=\dimen179
\cellspace@firstht=\dimen180
\cellspace@lastdp=\dimen181
) (/opt/homebrew/Cellar/texlive/20250308_1/share/texmf-dist/tex/latex/ntheorem/ntheorem.sty
Style `ntheorem', Version 1.33 <2011/08/15>
Package: ntheorem 2011/08/15 1.33
\theorem@style=\toks32
\theorem@@style=\toks33
\theorembodyfont=\toks34
\theoremnumbering=\toks35
\theorempreskipamount=\skip76
\theorempostskipamount=\skip77
\theoremframepreskipamount=\skip78
\theoremframepostskipamount=\skip79
\theoreminframepreskipamount=\skip80
\theoreminframepostskipamount=\skip81
\theorem@preskip=\toks36
\theorem@postskip=\toks37
\theorem@framepreskip=\toks38
\theorem@framepostskip=\toks39
\theorem@inframepreskip=\toks40
\theorem@inframepostskip=\toks41
\theoremindent=\dimen182
\theorem@indent=\dimen183
\theoremrightindent=\dimen184
\theorem@rightindent=\dimen185
\theoremheaderfont=\toks42
\theoremseparator=\toks43
\theoremprework=\toks44
\theorempostwork=\toks45
\theoremsymbol=\toks46
\qedsymbol=\toks47
\theoremkeyword=\toks48
\qedsymbol=\toks49
\thm@topsep=\skip82
\thm@topsepadd=\skip83
) (/opt/homebrew/Cellar/texlive/20250308_1/share/texmf-dist/tex/latex/lm/lmodern.sty
Package: lmodern 2015/05/01 v1.6.1 Latin Modern Fonts
LaTeX Font Info:    Overwriting symbol font `operators' in version `normal'
(Font)                  OT1/cmr/m/n --> OT1/lmr/m/n on input line 22.
LaTeX Font Info:    Overwriting symbol font `letters' in version `normal'
(Font)                  OML/cmm/m/it --> OML/lmm/m/it on input line 23.
LaTeX Font Info:    Overwriting symbol font `symbols' in version `normal'
(Font)                  OMS/cmsy/m/n --> OMS/lmsy/m/n on input line 24.
LaTeX Font Info:    Overwriting symbol font `largesymbols' in version `normal'
(Font)                  OMX/cmex/m/n --> OMX/lmex/m/n on input line 25.
LaTeX Font Info:    Overwriting symbol font `operators' in version `bold'
(Font)                  OT1/cmr/bx/n --> OT1/lmr/bx/n on input line 26.
LaTeX Font Info:    Overwriting symbol font `letters' in version `bold'
(Font)                  OML/cmm/b/it --> OML/lmm/b/it on input line 27.
LaTeX Font Info:    Overwriting symbol font `symbols' in version `bold'
(Font)                  OMS/cmsy/b/n --> OMS/lmsy/b/n on input line 28.
LaTeX Font Info:    Overwriting symbol font `largesymbols' in version `bold'
(Font)                  OMX/cmex/m/n --> OMX/lmex/m/n on input line 29.
LaTeX Font Info:    Overwriting math alphabet `\mathbf' in version `normal'
(Font)                  OT1/cmr/bx/n --> OT1/lmr/bx/n on input line 31.
LaTeX Font Info:    Overwriting math alphabet `\mathsf' in version `normal'
(Font)                  OT1/cmss/m/n --> OT1/lmss/m/n on input line 32.
LaTeX Font Info:    Overwriting math alphabet `\mathit' in version `normal'
(Font)                  OT1/cmr/m/it --> OT1/lmr/m/it on input line 33.
LaTeX Font Info:    Overwriting math alphabet `\mathtt' in version `normal'
(Font)                  OT1/cmtt/m/n --> OT1/lmtt/m/n on input line 34.
LaTeX Font Info:    Overwriting math alphabet `\mathbf' in version `bold'
(Font)                  OT1/cmr/bx/n --> OT1/lmr/bx/n on input line 35.
LaTeX Font Info:    Overwriting math alphabet `\mathsf' in version `bold'
(Font)                  OT1/cmss/bx/n --> OT1/lmss/bx/n on input line 36.
LaTeX Font Info:    Overwriting math alphabet `\mathit' in version `bold'
(Font)                  OT1/cmr/bx/it --> OT1/lmr/bx/it on input line 37.
LaTeX Font Info:    Overwriting math alphabet `\mathtt' in version `bold'
(Font)                  OT1/cmtt/m/n --> OT1/lmtt/m/n on input line 38.
) (/opt/homebrew/Cellar/texlive/20250308_1/share/texmf-dist/tex/latex/mathtools/mathtools.sty
Package: mathtools 2024/10/04 v1.31 mathematical typesetting tools
 (/opt/homebrew/Cellar/texlive/20250308_1/share/texmf-dist/tex/latex/mathtools/mhsetup.sty
Package: mhsetup 2021/03/18 v1.4 programming setup (MH)
)
\g_MT_multlinerow_int=\count315
\l_MT_multwidth_dim=\dimen186
\origjot=\skip84
\l_MT_shortvdotswithinadjustabove_dim=\dimen187
\l_MT_shortvdotswithinadjustbelow_dim=\dimen188
\l_MT_above_intertext_sep=\dimen189
\l_MT_below_intertext_sep=\dimen190
\l_MT_above_shortintertext_sep=\dimen191
\l_MT_below_shortintertext_sep=\dimen192
\xmathstrut@box=\box104
\xmathstrut@dim=\dimen193
) (/opt/homebrew/Cellar/texlive/20250308_1/share/texmf-dist/tex/latex/tools/tabularx.sty
Package: tabularx 2023/12/11 v2.12a `tabularx' package (DPC)
\TX@col@width=\dimen194
\TX@old@table=\dimen195
\TX@old@col=\dimen196
\TX@target=\dimen197
\TX@delta=\dimen198
\TX@cols=\count316
\TX@ftn=\toks50
) (/opt/homebrew/Cellar/texlive/20250308_1/share/texmf-dist/tex/latex/titlepic/titlepic.sty
Package: titlepic 2017/03/14 1.2 Package to display a picture on the title page
) (/opt/homebrew/Cellar/texlive/20250308_1/share/texmf-dist/tex/latex/fancyhdr/fancyhdr.sty
Package: fancyhdr 2025/02/07 v5.2 Extensive control of page headers and footers
\f@nch@headwidth=\skip85
\f@nch@offset@elh=\skip86
\f@nch@offset@erh=\skip87
\f@nch@offset@olh=\skip88
\f@nch@offset@orh=\skip89
\f@nch@offset@elf=\skip90
\f@nch@offset@erf=\skip91
\f@nch@offset@olf=\skip92
\f@nch@offset@orf=\skip93
\f@nch@height=\skip94
\f@nch@footalignment=\skip95
\f@nch@widthL=\skip96
\f@nch@widthC=\skip97
\f@nch@widthR=\skip98
\@temptokenb=\toks51
) (/opt/homebrew/Cellar/texlive/20250308_1/share/texmf-dist/tex/latex/caption/caption.sty
Package: caption 2023/08/05 v3.6o Customizing captions (AR)
 (/opt/homebrew/Cellar/texlive/20250308_1/share/texmf-dist/tex/latex/caption/caption3.sty
Package: caption3 2023/07/31 v2.4d caption3 kernel (AR)
\caption@tempdima=\dimen199
\captionmargin=\dimen256
\caption@leftmargin=\dimen257
\caption@rightmargin=\dimen258
\caption@width=\dimen259
\caption@indent=\dimen260
\caption@parindent=\dimen261
\caption@hangindent=\dimen262
Package caption Info: Standard document class detected.
Package caption Info: french babel package is loaded.
)
\c@caption@flags=\count317
\c@continuedfloat=\count318
Package caption Info: wrapfig package is loaded.
) (/opt/homebrew/Cellar/texlive/20250308_1/share/texmf-dist/tex/latex/xcolor/xcolor.sty
Package: xcolor 2024/09/29 v3.02 LaTeX color extensions (UK)
 (/opt/homebrew/Cellar/texlive/20250308_1/share/texmf-dist/tex/latex/graphics-cfg/color.cfg
File: color.cfg 2016/01/02 v1.6 sample color configuration
)
Package xcolor Info: Driver file: pdftex.def on input line 274.
LaTeX Info: Redefining \color on input line 762.
 (/opt/homebrew/Cellar/texlive/20250308_1/share/texmf-dist/tex/latex/graphics/mathcolor.ltx)
Package xcolor Info: Model `cmy' substituted by `cmy0' on input line 1349.
Package xcolor Info: Model `hsb' substituted by `rgb' on input line 1353.
Package xcolor Info: Model `RGB' extended on input line 1365.
Package xcolor Info: Model `HTML' substituted by `rgb' on input line 1367.
Package xcolor Info: Model `Hsb' substituted by `hsb' on input line 1368.
Package xcolor Info: Model `tHsb' substituted by `hsb' on input line 1369.
Package xcolor Info: Model `HSB' substituted by `hsb' on input line 1370.
Package xcolor Info: Model `Gray' substituted by `gray' on input line 1371.
Package xcolor Info: Model `wave' substituted by `hsb' on input line 1372.
) (/opt/homebrew/Cellar/texlive/20250308_1/share/texmf-dist/tex/latex/hyperref/hyperref.sty
Package: hyperref 2024-11-05 v7.01l Hypertext links for LaTeX
 (/opt/homebrew/Cellar/texlive/20250308_1/share/texmf-dist/tex/generic/iftex/iftex.sty
Package: iftex 2024/12/12 v1.0g TeX engine tests
) (/opt/homebrew/Cellar/texlive/20250308_1/share/texmf-dist/tex/latex/kvsetkeys/kvsetkeys.sty
Package: kvsetkeys 2022-10-05 v1.19 Key value parser (HO)
) (/opt/homebrew/Cellar/texlive/20250308_1/share/texmf-dist/tex/generic/kvdefinekeys/kvdefinekeys.sty
Package: kvdefinekeys 2019-12-19 v1.6 Define keys (HO)
) (/opt/homebrew/Cellar/texlive/20250308_1/share/texmf-dist/tex/generic/pdfescape/pdfescape.sty
Package: pdfescape 2019/12/09 v1.15 Implements pdfTeX's escape features (HO)
 (/opt/homebrew/Cellar/texlive/20250308_1/share/texmf-dist/tex/generic/ltxcmds/ltxcmds.sty
Package: ltxcmds 2023-12-04 v1.26 LaTeX kernel commands for general use (HO)
) (/opt/homebrew/Cellar/texlive/20250308_1/share/texmf-dist/tex/generic/pdftexcmds/pdftexcmds.sty
Package: pdftexcmds 2020-06-27 v0.33 Utility functions of pdfTeX for LuaTeX (HO)
 (/opt/homebrew/Cellar/texlive/20250308_1/share/texmf-dist/tex/generic/infwarerr/infwarerr.sty
Package: infwarerr 2019/12/03 v1.5 Providing info/warning/error messages (HO)
)
Package pdftexcmds Info: \pdf@primitive is available.
Package pdftexcmds Info: \pdf@ifprimitive is available.
Package pdftexcmds Info: \pdfdraftmode found.
)) (/opt/homebrew/Cellar/texlive/20250308_1/share/texmf-dist/tex/latex/hycolor/hycolor.sty
Package: hycolor 2020-01-27 v1.10 Color options for hyperref/bookmark (HO)
) (/opt/homebrew/Cellar/texlive/20250308_1/share/texmf-dist/tex/latex/hyperref/nameref.sty
Package: nameref 2023-11-26 v2.56 Cross-referencing by name of section
 (/opt/homebrew/Cellar/texlive/20250308_1/share/texmf-dist/tex/latex/refcount/refcount.sty
Package: refcount 2019/12/15 v3.6 Data extraction from label references (HO)
) (/opt/homebrew/Cellar/texlive/20250308_1/share/texmf-dist/tex/generic/gettitlestring/gettitlestring.sty
Package: gettitlestring 2019/12/15 v1.6 Cleanup title references (HO)
 (/opt/homebrew/Cellar/texlive/20250308_1/share/texmf-dist/tex/latex/kvoptions/kvoptions.sty
Package: kvoptions 2022-06-15 v3.15 Key value format for package options (HO)
))
\c@section@level=\count319
) (/opt/homebrew/Cellar/texlive/20250308_1/share/texmf-dist/tex/latex/etoolbox/etoolbox.sty
Package: etoolbox 2025/02/11 v2.5l e-TeX tools for LaTeX (JAW)
\etb@tempcnta=\count320
) (/opt/homebrew/Cellar/texlive/20250308_1/share/texmf-dist/tex/generic/stringenc/stringenc.sty
Package: stringenc 2019/11/29 v1.12 Convert strings between diff. encodings (HO)
)
\@linkdim=\dimen263
\Hy@linkcounter=\count321
\Hy@pagecounter=\count322
 (/opt/homebrew/Cellar/texlive/20250308_1/share/texmf-dist/tex/latex/hyperref/pd1enc.def
File: pd1enc.def 2024-11-05 v7.01l Hyperref: PDFDocEncoding definition (HO)
Now handling font encoding PD1 ...
... no UTF-8 mapping file for font encoding PD1
) (/opt/homebrew/Cellar/texlive/20250308_1/share/texmf-dist/tex/generic/intcalc/intcalc.sty
Package: intcalc 2019/12/15 v1.3 Expandable calculations with integers (HO)
)
\Hy@SavedSpaceFactor=\count323
 (/opt/homebrew/Cellar/texlive/20250308_1/share/texmf-dist/tex/latex/hyperref/puenc.def
File: puenc.def 2024-11-05 v7.01l Hyperref: PDF Unicode definition (HO)
Now handling font encoding PU ...
... no UTF-8 mapping file for font encoding PU
)
Package hyperref Info: Hyper figures OFF on input line 4157.
Package hyperref Info: Link nesting OFF on input line 4162.
Package hyperref Info: Hyper index ON on input line 4165.
Package hyperref Info: Plain pages OFF on input line 4172.
Package hyperref Info: Backreferencing OFF on input line 4177.
Package hyperref Info: Implicit mode ON; LaTeX internals redefined.
Package hyperref Info: Bookmarks ON on input line 4424.
\c@Hy@tempcnt=\count324
 (/opt/homebrew/Cellar/texlive/20250308_1/share/texmf-dist/tex/latex/url/url.sty
\Urlmuskip=\muskip18
Package: url 2013/09/16  ver 3.4  Verb mode for urls, etc.
)
LaTeX Info: Redefining \url on input line 4763.
\XeTeXLinkMargin=\dimen264
 (/opt/homebrew/Cellar/texlive/20250308_1/share/texmf-dist/tex/generic/bitset/bitset.sty
Package: bitset 2019/12/09 v1.3 Handle bit-vector datatype (HO)
 (/opt/homebrew/Cellar/texlive/20250308_1/share/texmf-dist/tex/generic/bigintcalc/bigintcalc.sty
Package: bigintcalc 2019/12/15 v1.5 Expandable calculations on big integers (HO)
))
\Fld@menulength=\count325
\Field@Width=\dimen265
\Fld@charsize=\dimen266
Package hyperref Info: Hyper figures OFF on input line 6042.
Package hyperref Info: Link nesting OFF on input line 6047.
Package hyperref Info: Hyper index ON on input line 6050.
Package hyperref Info: backreferencing OFF on input line 6057.
Package hyperref Info: Link coloring OFF on input line 6062.
Package hyperref Info: Link coloring with OCG OFF on input line 6067.
Package hyperref Info: PDF/A mode OFF on input line 6072.
 (/opt/homebrew/Cellar/texlive/20250308_1/share/texmf-dist/tex/latex/base/atbegshi-ltx.sty
Package: atbegshi-ltx 2021/01/10 v1.0c Emulation of the original atbegshi
package with kernel methods
)
\Hy@abspage=\count326
\c@Item=\count327
\c@Hfootnote=\count328
)
Package hyperref Info: Driver (autodetected): hpdftex.
 (/opt/homebrew/Cellar/texlive/20250308_1/share/texmf-dist/tex/latex/hyperref/hpdftex.def
File: hpdftex.def 2024-11-05 v7.01l Hyperref driver for pdfTeX
 (/opt/homebrew/Cellar/texlive/20250308_1/share/texmf-dist/tex/latex/base/atveryend-ltx.sty
Package: atveryend-ltx 2020/08/19 v1.0a Emulation of the original atveryend package
with kernel methods
)
\Fld@listcount=\count329
\c@bookmark@seq@number=\count330
 (/opt/homebrew/Cellar/texlive/20250308_1/share/texmf-dist/tex/latex/rerunfilecheck/rerunfilecheck.sty
Package: rerunfilecheck 2022-07-10 v1.10 Rerun checks for auxiliary files (HO)
 (/opt/homebrew/Cellar/texlive/20250308_1/share/texmf-dist/tex/generic/uniquecounter/uniquecounter.sty
Package: uniquecounter 2019/12/15 v1.4 Provide unlimited unique counter (HO)
)
Package uniquecounter Info: New unique counter `rerunfilecheck' on input line 285.
)
\Hy@SectionHShift=\skip99
) (/opt/homebrew/Cellar/texlive/20250308_1/share/texmf-dist/tex/latex/base/fontenc.sty
Package: fontenc 2021/04/29 v2.0v Standard LaTeX package
LaTeX Font Info:    Trying to load font information for T1+lmr on input line 116.
 (/opt/homebrew/Cellar/texlive/20250308_1/share/texmf-dist/tex/latex/lm/t1lmr.fd
File: t1lmr.fd 2015/05/01 v1.6.1 Font defs for Latin Modern
)) (/opt/homebrew/Cellar/texlive/20250308_1/share/texmf-dist/tex/latex/listings/listings.sty
\lst@mode=\count331
\lst@gtempboxa=\box105
\lst@token=\toks52
\lst@length=\count332
\lst@currlwidth=\dimen267
\lst@column=\count333
\lst@pos=\count334
\lst@lostspace=\dimen268
\lst@width=\dimen269
\lst@newlines=\count335
\lst@lineno=\count336
\lst@maxwidth=\dimen270
 (/opt/homebrew/Cellar/texlive/20250308_1/share/texmf-dist/tex/latex/listings/lstpatch.sty
File: lstpatch.sty 2024/09/23 1.10c (Carsten Heinz)
) (/opt/homebrew/Cellar/texlive/20250308_1/share/texmf-dist/tex/latex/listings/lstmisc.sty
File: lstmisc.sty 2024/09/23 1.10c (Carsten Heinz)
\c@lstnumber=\count337
\lst@skipnumbers=\count338
\lst@framebox=\box106
) (/opt/homebrew/Cellar/texlive/20250308_1/share/texmf-dist/tex/latex/listings/listings.cfg
File: listings.cfg 2024/09/23 1.10c listings configuration
))
Package: listings 2024/09/23 1.10c (Carsten Heinz)
 (/opt/homebrew/Cellar/texlive/20250308_1/share/texmf-dist/tex/latex/pgf/frontendlayer/tikz.sty (/opt/homebrew/Cellar/texlive/20250308_1/share/texmf-dist/tex/latex/pgf/basiclayer/pgf.sty (/opt/homebrew/Cellar/texlive/20250308_1/share/texmf-dist/tex/latex/pgf/utilities/pgfrcs.sty (/opt/homebrew/Cellar/texlive/20250308_1/share/texmf-dist/tex/generic/pgf/utilities/pgfutil-common.tex
\pgfutil@everybye=\toks53
\pgfutil@tempdima=\dimen271
\pgfutil@tempdimb=\dimen272
) (/opt/homebrew/Cellar/texlive/20250308_1/share/texmf-dist/tex/generic/pgf/utilities/pgfutil-latex.def
\pgfutil@abb=\box107
) (/opt/homebrew/Cellar/texlive/20250308_1/share/texmf-dist/tex/generic/pgf/utilities/pgfrcs.code.tex (/opt/homebrew/Cellar/texlive/20250308_1/share/texmf-dist/tex/generic/pgf/pgf.revision.tex)
Package: pgfrcs 2023-01-15 v3.1.10 (3.1.10)
))
Package: pgf 2023-01-15 v3.1.10 (3.1.10)
 (/opt/homebrew/Cellar/texlive/20250308_1/share/texmf-dist/tex/latex/pgf/basiclayer/pgfcore.sty (/opt/homebrew/Cellar/texlive/20250308_1/share/texmf-dist/tex/latex/pgf/systemlayer/pgfsys.sty (/opt/homebrew/Cellar/texlive/20250308_1/share/texmf-dist/tex/generic/pgf/systemlayer/pgfsys.code.tex
Package: pgfsys 2023-01-15 v3.1.10 (3.1.10)
 (/opt/homebrew/Cellar/texlive/20250308_1/share/texmf-dist/tex/generic/pgf/utilities/pgfkeys.code.tex
\pgfkeys@pathtoks=\toks54
\pgfkeys@temptoks=\toks55
 (/opt/homebrew/Cellar/texlive/20250308_1/share/texmf-dist/tex/generic/pgf/utilities/pgfkeyslibraryfiltered.code.tex
\pgfkeys@tmptoks=\toks56
))
\pgf@x=\dimen273
\pgf@y=\dimen274
\pgf@xa=\dimen275
\pgf@ya=\dimen276
\pgf@xb=\dimen277
\pgf@yb=\dimen278
\pgf@xc=\dimen279
\pgf@yc=\dimen280
\pgf@xd=\dimen281
\pgf@yd=\dimen282
\w@pgf@writea=\write4
\r@pgf@reada=\read3
\c@pgf@counta=\count339
\c@pgf@countb=\count340
\c@pgf@countc=\count341
\c@pgf@countd=\count342
\t@pgf@toka=\toks57
\t@pgf@tokb=\toks58
\t@pgf@tokc=\toks59
\pgf@sys@id@count=\count343
 (/opt/homebrew/Cellar/texlive/20250308_1/share/texmf-dist/tex/generic/pgf/systemlayer/pgf.cfg
File: pgf.cfg 2023-01-15 v3.1.10 (3.1.10)
)
Driver file for pgf: pgfsys-pdftex.def
 (/opt/homebrew/Cellar/texlive/20250308_1/share/texmf-dist/tex/generic/pgf/systemlayer/pgfsys-pdftex.def
File: pgfsys-pdftex.def 2023-01-15 v3.1.10 (3.1.10)
 (/opt/homebrew/Cellar/texlive/20250308_1/share/texmf-dist/tex/generic/pgf/systemlayer/pgfsys-common-pdf.def
File: pgfsys-common-pdf.def 2023-01-15 v3.1.10 (3.1.10)
))) (/opt/homebrew/Cellar/texlive/20250308_1/share/texmf-dist/tex/generic/pgf/systemlayer/pgfsyssoftpath.code.tex
File: pgfsyssoftpath.code.tex 2023-01-15 v3.1.10 (3.1.10)
\pgfsyssoftpath@smallbuffer@items=\count344
\pgfsyssoftpath@bigbuffer@items=\count345
) (/opt/homebrew/Cellar/texlive/20250308_1/share/texmf-dist/tex/generic/pgf/systemlayer/pgfsysprotocol.code.tex
File: pgfsysprotocol.code.tex 2023-01-15 v3.1.10 (3.1.10)
)) (/opt/homebrew/Cellar/texlive/20250308_1/share/texmf-dist/tex/generic/pgf/basiclayer/pgfcore.code.tex
Package: pgfcore 2023-01-15 v3.1.10 (3.1.10)
 (/opt/homebrew/Cellar/texlive/20250308_1/share/texmf-dist/tex/generic/pgf/math/pgfmath.code.tex (/opt/homebrew/Cellar/texlive/20250308_1/share/texmf-dist/tex/generic/pgf/math/pgfmathutil.code.tex) (/opt/homebrew/Cellar/texlive/20250308_1/share/texmf-dist/tex/generic/pgf/math/pgfmathparser.code.tex
\pgfmath@dimen=\dimen283
\pgfmath@count=\count346
\pgfmath@box=\box108
\pgfmath@toks=\toks60
\pgfmath@stack@operand=\toks61
\pgfmath@stack@operation=\toks62
) (/opt/homebrew/Cellar/texlive/20250308_1/share/texmf-dist/tex/generic/pgf/math/pgfmathfunctions.code.tex) (/opt/homebrew/Cellar/texlive/20250308_1/share/texmf-dist/tex/generic/pgf/math/pgfmathfunctions.basic.code.tex) (/opt/homebrew/Cellar/texlive/20250308_1/share/texmf-dist/tex/generic/pgf/math/pgfmathfunctions.trigonometric.code.tex) (/opt/homebrew/Cellar/texlive/20250308_1/share/texmf-dist/tex/generic/pgf/math/pgfmathfunctions.random.code.tex) (/opt/homebrew/Cellar/texlive/20250308_1/share/texmf-dist/tex/generic/pgf/math/pgfmathfunctions.comparison.code.tex) (/opt/homebrew/Cellar/texlive/20250308_1/share/texmf-dist/tex/generic/pgf/math/pgfmathfunctions.base.code.tex) (/opt/homebrew/Cellar/texlive/20250308_1/share/texmf-dist/tex/generic/pgf/math/pgfmathfunctions.round.code.tex) (/opt/homebrew/Cellar/texlive/20250308_1/share/texmf-dist/tex/generic/pgf/math/pgfmathfunctions.misc.code.tex) (/opt/homebrew/Cellar/texlive/20250308_1/share/texmf-dist/tex/generic/pgf/math/pgfmathfunctions.integerarithmetics.code.tex) (/opt/homebrew/Cellar/texlive/20250308_1/share/texmf-dist/tex/generic/pgf/math/pgfmathcalc.code.tex) (/opt/homebrew/Cellar/texlive/20250308_1/share/texmf-dist/tex/generic/pgf/math/pgfmathfloat.code.tex
\c@pgfmathroundto@lastzeros=\count347
)) (/opt/homebrew/Cellar/texlive/20250308_1/share/texmf-dist/tex/generic/pgf/math/pgfint.code.tex) (/opt/homebrew/Cellar/texlive/20250308_1/share/texmf-dist/tex/generic/pgf/basiclayer/pgfcorepoints.code.tex
File: pgfcorepoints.code.tex 2023-01-15 v3.1.10 (3.1.10)
\pgf@picminx=\dimen284
\pgf@picmaxx=\dimen285
\pgf@picminy=\dimen286
\pgf@picmaxy=\dimen287
\pgf@pathminx=\dimen288
\pgf@pathmaxx=\dimen289
\pgf@pathminy=\dimen290
\pgf@pathmaxy=\dimen291
\pgf@xx=\dimen292
\pgf@xy=\dimen293
\pgf@yx=\dimen294
\pgf@yy=\dimen295
\pgf@zx=\dimen296
\pgf@zy=\dimen297
) (/opt/homebrew/Cellar/texlive/20250308_1/share/texmf-dist/tex/generic/pgf/basiclayer/pgfcorepathconstruct.code.tex
File: pgfcorepathconstruct.code.tex 2023-01-15 v3.1.10 (3.1.10)
\pgf@path@lastx=\dimen298
\pgf@path@lasty=\dimen299
) (/opt/homebrew/Cellar/texlive/20250308_1/share/texmf-dist/tex/generic/pgf/basiclayer/pgfcorepathusage.code.tex
File: pgfcorepathusage.code.tex 2023-01-15 v3.1.10 (3.1.10)
\pgf@shorten@end@additional=\dimen300
\pgf@shorten@start@additional=\dimen301
) (/opt/homebrew/Cellar/texlive/20250308_1/share/texmf-dist/tex/generic/pgf/basiclayer/pgfcorescopes.code.tex
File: pgfcorescopes.code.tex 2023-01-15 v3.1.10 (3.1.10)
\pgfpic=\box109
\pgf@hbox=\box110
\pgf@layerbox@main=\box111
\pgf@picture@serial@count=\count348
) (/opt/homebrew/Cellar/texlive/20250308_1/share/texmf-dist/tex/generic/pgf/basiclayer/pgfcoregraphicstate.code.tex
File: pgfcoregraphicstate.code.tex 2023-01-15 v3.1.10 (3.1.10)
\pgflinewidth=\dimen302
) (/opt/homebrew/Cellar/texlive/20250308_1/share/texmf-dist/tex/generic/pgf/basiclayer/pgfcoretransformations.code.tex
File: pgfcoretransformations.code.tex 2023-01-15 v3.1.10 (3.1.10)
\pgf@pt@x=\dimen303
\pgf@pt@y=\dimen304
\pgf@pt@temp=\dimen305
) (/opt/homebrew/Cellar/texlive/20250308_1/share/texmf-dist/tex/generic/pgf/basiclayer/pgfcorequick.code.tex
File: pgfcorequick.code.tex 2023-01-15 v3.1.10 (3.1.10)
) (/opt/homebrew/Cellar/texlive/20250308_1/share/texmf-dist/tex/generic/pgf/basiclayer/pgfcoreobjects.code.tex
File: pgfcoreobjects.code.tex 2023-01-15 v3.1.10 (3.1.10)
) (/opt/homebrew/Cellar/texlive/20250308_1/share/texmf-dist/tex/generic/pgf/basiclayer/pgfcorepathprocessing.code.tex
File: pgfcorepathprocessing.code.tex 2023-01-15 v3.1.10 (3.1.10)
) (/opt/homebrew/Cellar/texlive/20250308_1/share/texmf-dist/tex/generic/pgf/basiclayer/pgfcorearrows.code.tex
File: pgfcorearrows.code.tex 2023-01-15 v3.1.10 (3.1.10)
\pgfarrowsep=\dimen306
) (/opt/homebrew/Cellar/texlive/20250308_1/share/texmf-dist/tex/generic/pgf/basiclayer/pgfcoreshade.code.tex
File: pgfcoreshade.code.tex 2023-01-15 v3.1.10 (3.1.10)
\pgf@max=\dimen307
\pgf@sys@shading@range@num=\count349
\pgf@shadingcount=\count350
) (/opt/homebrew/Cellar/texlive/20250308_1/share/texmf-dist/tex/generic/pgf/basiclayer/pgfcoreimage.code.tex
File: pgfcoreimage.code.tex 2023-01-15 v3.1.10 (3.1.10)
) (/opt/homebrew/Cellar/texlive/20250308_1/share/texmf-dist/tex/generic/pgf/basiclayer/pgfcoreexternal.code.tex
File: pgfcoreexternal.code.tex 2023-01-15 v3.1.10 (3.1.10)
\pgfexternal@startupbox=\box112
) (/opt/homebrew/Cellar/texlive/20250308_1/share/texmf-dist/tex/generic/pgf/basiclayer/pgfcorelayers.code.tex
File: pgfcorelayers.code.tex 2023-01-15 v3.1.10 (3.1.10)
) (/opt/homebrew/Cellar/texlive/20250308_1/share/texmf-dist/tex/generic/pgf/basiclayer/pgfcoretransparency.code.tex
File: pgfcoretransparency.code.tex 2023-01-15 v3.1.10 (3.1.10)
) (/opt/homebrew/Cellar/texlive/20250308_1/share/texmf-dist/tex/generic/pgf/basiclayer/pgfcorepatterns.code.tex
File: pgfcorepatterns.code.tex 2023-01-15 v3.1.10 (3.1.10)
) (/opt/homebrew/Cellar/texlive/20250308_1/share/texmf-dist/tex/generic/pgf/basiclayer/pgfcorerdf.code.tex
File: pgfcorerdf.code.tex 2023-01-15 v3.1.10 (3.1.10)
))) (/opt/homebrew/Cellar/texlive/20250308_1/share/texmf-dist/tex/generic/pgf/modules/pgfmoduleshapes.code.tex
File: pgfmoduleshapes.code.tex 2023-01-15 v3.1.10 (3.1.10)
\pgfnodeparttextbox=\box113
) (/opt/homebrew/Cellar/texlive/20250308_1/share/texmf-dist/tex/generic/pgf/modules/pgfmoduleplot.code.tex
File: pgfmoduleplot.code.tex 2023-01-15 v3.1.10 (3.1.10)
) (/opt/homebrew/Cellar/texlive/20250308_1/share/texmf-dist/tex/latex/pgf/compatibility/pgfcomp-version-0-65.sty
Package: pgfcomp-version-0-65 2023-01-15 v3.1.10 (3.1.10)
\pgf@nodesepstart=\dimen308
\pgf@nodesepend=\dimen309
) (/opt/homebrew/Cellar/texlive/20250308_1/share/texmf-dist/tex/latex/pgf/compatibility/pgfcomp-version-1-18.sty
Package: pgfcomp-version-1-18 2023-01-15 v3.1.10 (3.1.10)
)) (/opt/homebrew/Cellar/texlive/20250308_1/share/texmf-dist/tex/latex/pgf/utilities/pgffor.sty (/opt/homebrew/Cellar/texlive/20250308_1/share/texmf-dist/tex/latex/pgf/utilities/pgfkeys.sty
(/opt/homebrew/Cellar/texlive/20250308_1/share/texmf-dist/tex/generic/pgf/utilities/pgfkeys.code.tex)) (/opt/homebrew/Cellar/texlive/20250308_1/share/texmf-dist/tex/latex/pgf/math/pgfmath.sty (/opt/homebrew/Cellar/texlive/20250308_1/share/texmf-dist/tex/generic/pgf/math/pgfmath.code.tex)) (/opt/homebrew/Cellar/texlive/20250308_1/share/texmf-dist/tex/generic/pgf/utilities/pgffor.code.tex
Package: pgffor 2023-01-15 v3.1.10 (3.1.10)
\pgffor@iter=\dimen310
\pgffor@skip=\dimen311
\pgffor@stack=\toks63
\pgffor@toks=\toks64
)) (/opt/homebrew/Cellar/texlive/20250308_1/share/texmf-dist/tex/generic/pgf/frontendlayer/tikz/tikz.code.tex
Package: tikz 2023-01-15 v3.1.10 (3.1.10)
 (/opt/homebrew/Cellar/texlive/20250308_1/share/texmf-dist/tex/generic/pgf/libraries/pgflibraryplothandlers.code.tex
File: pgflibraryplothandlers.code.tex 2023-01-15 v3.1.10 (3.1.10)
\pgf@plot@mark@count=\count351
\pgfplotmarksize=\dimen312
)
\tikz@lastx=\dimen313
\tikz@lasty=\dimen314
\tikz@lastxsaved=\dimen315
\tikz@lastysaved=\dimen316
\tikz@lastmovetox=\dimen317
\tikz@lastmovetoy=\dimen318
\tikzleveldistance=\dimen319
\tikzsiblingdistance=\dimen320
\tikz@figbox=\box114
\tikz@figbox@bg=\box115
\tikz@tempbox=\box116
\tikz@tempbox@bg=\box117
\tikztreelevel=\count352
\tikznumberofchildren=\count353
\tikznumberofcurrentchild=\count354
\tikz@fig@count=\count355
 (/opt/homebrew/Cellar/texlive/20250308_1/share/texmf-dist/tex/generic/pgf/modules/pgfmodulematrix.code.tex
File: pgfmodulematrix.code.tex 2023-01-15 v3.1.10 (3.1.10)
\pgfmatrixcurrentrow=\count356
\pgfmatrixcurrentcolumn=\count357
\pgf@matrix@numberofcolumns=\count358
)
\tikz@expandcount=\count359
 (/opt/homebrew/Cellar/texlive/20250308_1/share/texmf-dist/tex/generic/pgf/frontendlayer/tikz/libraries/tikzlibrarytopaths.code.tex
File: tikzlibrarytopaths.code.tex 2023-01-15 v3.1.10 (3.1.10)
))) (/opt/homebrew/Cellar/texlive/20250308_1/share/texmf-dist/tex/latex/tkz-graph/tkz-graph.sty
2021/01/20 v 2.00 tkz-graph.sty
Package: tkz-graph 2021/01/20 2.00 base for graphs
(/opt/homebrew/Cellar/texlive/20250308_1/share/texmf-dist/tex/generic/pgf/frontendlayer/tikz/libraries/tikzlibraryarrows.code.tex
File: tikzlibraryarrows.code.tex 2023-01-15 v3.1.10 (3.1.10)
 (/opt/homebrew/Cellar/texlive/20250308_1/share/texmf-dist/tex/generic/pgf/libraries/pgflibraryarrows.code.tex
File: pgflibraryarrows.code.tex 2023-01-15 v3.1.10 (3.1.10)
\arrowsize=\dimen321
))
\c@tkz@gr@a=\count360
\c@tkz@gr@b=\count361
\c@tkz@gr@c=\count362
\c@tkz@gr@e=\count363
\c@tkz@gr@d=\count364
\c@tkz@gr@p=\count365
\c@tkz@gr@i=\count366
\c@tkz@gr@n=\count367
\c@tkz@gr@ta=\count368
\c@tkz@gr@tb=\count369
) (/opt/homebrew/Cellar/texlive/20250308_1/share/texmf-dist/tex/latex/pgfplots/pgfplots.sty (/opt/homebrew/Cellar/texlive/20250308_1/share/texmf-dist/tex/generic/pgfplots/pgfplots.revision.tex)
Package: pgfplots 2021/05/15 v1.18.1 Data Visualization (1.18.1)
 (/opt/homebrew/Cellar/texlive/20250308_1/share/texmf-dist/tex/generic/pgfplots/pgfplots.code.tex (/opt/homebrew/Cellar/texlive/20250308_1/share/texmf-dist/tex/generic/pgfplots/pgfplotscore.code.tex
\t@pgfplots@toka=\toks65
\t@pgfplots@tokb=\toks66
\t@pgfplots@tokc=\toks67
\pgfplots@tmpa=\dimen322
\c@pgfplots@coordindex=\count370
\c@pgfplots@scanlineindex=\count371
 (/opt/homebrew/Cellar/texlive/20250308_1/share/texmf-dist/tex/generic/pgfplots/sys/pgfplotssysgeneric.code.tex)) (/opt/homebrew/Cellar/texlive/20250308_1/share/texmf-dist/tex/generic/pgfplots/libs/pgfplotslibrary.code.tex) (/opt/homebrew/Cellar/texlive/20250308_1/share/texmf-dist/tex/generic/pgfplots/oldpgfcompatib/pgfplotsoldpgfsupp_loader.code.tex (/opt/homebrew/Cellar/texlive/20250308_1/share/texmf-dist/tex/generic/pgf/libraries/pgflibraryfpu.code.tex)
Package pgfplots: loading complementary utilities for your pgf version...
\t@pgf@toka=\toks68
\t@pgf@tokb=\toks69
\t@pgf@tokc=\toks70
(/opt/homebrew/Cellar/texlive/20250308_1/share/texmf-dist/tex/generic/pgfplots/oldpgfcompatib/pgfplotsoldpgfsupp_pgfutil-common-lists.tex)) (/opt/homebrew/Cellar/texlive/20250308_1/share/texmf-dist/tex/generic/pgfplots/util/pgfplotsutil.code.tex (/opt/homebrew/Cellar/texlive/20250308_1/share/texmf-dist/tex/generic/pgfplots/liststructure/pgfplotsliststructure.code.tex) (/opt/homebrew/Cellar/texlive/20250308_1/share/texmf-dist/tex/generic/pgfplots/liststructure/pgfplotsliststructureext.code.tex) (/opt/homebrew/Cellar/texlive/20250308_1/share/texmf-dist/tex/generic/pgfplots/liststructure/pgfplotsarray.code.tex
\c@pgfplotsarray@tmp=\count372
) (/opt/homebrew/Cellar/texlive/20250308_1/share/texmf-dist/tex/generic/pgfplots/liststructure/pgfplotsmatrix.code.tex) (/opt/homebrew/Cellar/texlive/20250308_1/share/texmf-dist/tex/generic/pgfplots/numtable/pgfplotstableshared.code.tex
\c@pgfplotstable@counta=\count373
\t@pgfplotstable@a=\toks71
) (/opt/homebrew/Cellar/texlive/20250308_1/share/texmf-dist/tex/generic/pgfplots/liststructure/pgfplotsdeque.code.tex) (/opt/homebrew/Cellar/texlive/20250308_1/share/texmf-dist/tex/generic/pgfplots/util/pgfplotsbinary.code.tex (/opt/homebrew/Cellar/texlive/20250308_1/share/texmf-dist/tex/generic/pgfplots/util/pgfplotsbinary.data.code.tex)) (/opt/homebrew/Cellar/texlive/20250308_1/share/texmf-dist/tex/generic/pgfplots/util/pgfplotsutil.verb.code.tex) (/opt/homebrew/Cellar/texlive/20250308_1/share/texmf-dist/tex/generic/pgfplots/libs/pgflibrarypgfplots.surfshading.code.tex
\c@pgfplotslibrarysurf@no=\count374
 (/opt/homebrew/Cellar/texlive/20250308_1/share/texmf-dist/tex/generic/pgfplots/sys/pgflibrarypgfplots.surfshading.pgfsys-pdftex.def))) (/opt/homebrew/Cellar/texlive/20250308_1/share/texmf-dist/tex/generic/pgfplots/util/pgfplotscolormap.code.tex (/opt/homebrew/Cellar/texlive/20250308_1/share/texmf-dist/tex/generic/pgfplots/util/pgfplotscolor.code.tex)) (/opt/homebrew/Cellar/texlive/20250308_1/share/texmf-dist/tex/generic/pgfplots/pgfplotsstackedplots.code.tex) (/opt/homebrew/Cellar/texlive/20250308_1/share/texmf-dist/tex/generic/pgfplots/pgfplotsplothandlers.code.tex (/opt/homebrew/Cellar/texlive/20250308_1/share/texmf-dist/tex/generic/pgfplots/pgfplotsmeshplothandler.code.tex (/opt/homebrew/Cellar/texlive/20250308_1/share/texmf-dist/tex/generic/pgfplots/pgfplotsmeshplotimage.code.tex))) (/opt/homebrew/Cellar/texlive/20250308_1/share/texmf-dist/tex/generic/pgfplots/pgfplots.scaling.code.tex) (/opt/homebrew/Cellar/texlive/20250308_1/share/texmf-dist/tex/generic/pgfplots/pgfplotscoordprocessing.code.tex) (/opt/homebrew/Cellar/texlive/20250308_1/share/texmf-dist/tex/generic/pgfplots/pgfplots.errorbars.code.tex) (/opt/homebrew/Cellar/texlive/20250308_1/share/texmf-dist/tex/generic/pgfplots/pgfplots.markers.code.tex) (/opt/homebrew/Cellar/texlive/20250308_1/share/texmf-dist/tex/generic/pgfplots/pgfplotsticks.code.tex) (/opt/homebrew/Cellar/texlive/20250308_1/share/texmf-dist/tex/generic/pgfplots/pgfplots.paths.code.tex) (/opt/homebrew/Cellar/texlive/20250308_1/share/texmf-dist/tex/generic/pgf/frontendlayer/tikz/libraries/tikzlibrarydecorations.code.tex (/opt/homebrew/Cellar/texlive/20250308_1/share/texmf-dist/tex/generic/pgf/modules/pgfmoduledecorations.code.tex
\pgfdecoratedcompleteddistance=\dimen323
\pgfdecoratedremainingdistance=\dimen324
\pgfdecoratedinputsegmentcompleteddistance=\dimen325
\pgfdecoratedinputsegmentremainingdistance=\dimen326
\pgf@decorate@distancetomove=\dimen327
\pgf@decorate@repeatstate=\count375
\pgfdecorationsegmentamplitude=\dimen328
\pgfdecorationsegmentlength=\dimen329
)
\tikz@lib@dec@box=\box118
) (/opt/homebrew/Cellar/texlive/20250308_1/share/texmf-dist/tex/generic/pgf/frontendlayer/tikz/libraries/tikzlibrarydecorations.pathmorphing.code.tex (/opt/homebrew/Cellar/texlive/20250308_1/share/texmf-dist/tex/generic/pgf/libraries/decorations/pgflibrarydecorations.pathmorphing.code.tex)) (/opt/homebrew/Cellar/texlive/20250308_1/share/texmf-dist/tex/generic/pgf/frontendlayer/tikz/libraries/tikzlibrarydecorations.pathreplacing.code.tex (/opt/homebrew/Cellar/texlive/20250308_1/share/texmf-dist/tex/generic/pgf/libraries/decorations/pgflibrarydecorations.pathreplacing.code.tex)) (/opt/homebrew/Cellar/texlive/20250308_1/share/texmf-dist/tex/generic/pgfplots/libs/tikzlibrarypgfplots.contourlua.code.tex)
\pgfplots@numplots=\count376
\pgfplots@xmin@reg=\dimen330
\pgfplots@xmax@reg=\dimen331
\pgfplots@ymin@reg=\dimen332
\pgfplots@ymax@reg=\dimen333
\pgfplots@zmin@reg=\dimen334
\pgfplots@zmax@reg=\dimen335
) (/opt/homebrew/Cellar/texlive/20250308_1/share/texmf-dist/tex/generic/pgf/frontendlayer/tikz/libraries/tikzlibraryplotmarks.code.tex
File: tikzlibraryplotmarks.code.tex 2023-01-15 v3.1.10 (3.1.10)
 (/opt/homebrew/Cellar/texlive/20250308_1/share/texmf-dist/tex/generic/pgf/libraries/pgflibraryplotmarks.code.tex
File: pgflibraryplotmarks.code.tex 2023-01-15 v3.1.10 (3.1.10)
))) (/opt/homebrew/Cellar/texlive/20250308_1/share/texmf-dist/tex/latex/mdframed/mdframed.sty
Package: mdframed 2013/07/01 1.9b: mdframed
 (/opt/homebrew/Cellar/texlive/20250308_1/share/texmf-dist/tex/latex/l3packages/xparse/xparse.sty
Package: xparse 2024-08-16 L3 Experimental document command parser
) (/opt/homebrew/Cellar/texlive/20250308_1/share/texmf-dist/tex/latex/zref/zref-abspage.sty
Package: zref-abspage 2023-09-14 v2.35 Module abspage for zref (HO)
 (/opt/homebrew/Cellar/texlive/20250308_1/share/texmf-dist/tex/latex/zref/zref-base.sty
Package: zref-base 2023-09-14 v2.35 Module base for zref (HO)
 (/opt/homebrew/Cellar/texlive/20250308_1/share/texmf-dist/tex/generic/etexcmds/etexcmds.sty
Package: etexcmds 2019/12/15 v1.7 Avoid name clashes with e-TeX commands (HO)
) (/opt/homebrew/Cellar/texlive/20250308_1/share/texmf-dist/tex/latex/auxhook/auxhook.sty
Package: auxhook 2019-12-17 v1.6 Hooks for auxiliary files (HO)
)
Package zref Info: New property list: main on input line 767.
Package zref Info: New property: default on input line 768.
Package zref Info: New property: page on input line 769.
)
\c@abspage=\count377
Package zref Info: New property: abspage on input line 67.
) (/opt/homebrew/Cellar/texlive/20250308_1/share/texmf-dist/tex/latex/needspace/needspace.sty
Package: needspace 2010/09/12 v1.3d reserve vertical space
)
\mdf@templength=\skip100
\c@mdf@globalstyle@cnt=\count378
\mdf@skipabove@length=\skip101
\mdf@skipbelow@length=\skip102
\mdf@leftmargin@length=\skip103
\mdf@rightmargin@length=\skip104
\mdf@innerleftmargin@length=\skip105
\mdf@innerrightmargin@length=\skip106
\mdf@innertopmargin@length=\skip107
\mdf@innerbottommargin@length=\skip108
\mdf@splittopskip@length=\skip109
\mdf@splitbottomskip@length=\skip110
\mdf@outermargin@length=\skip111
\mdf@innermargin@length=\skip112
\mdf@linewidth@length=\skip113
\mdf@innerlinewidth@length=\skip114
\mdf@middlelinewidth@length=\skip115
\mdf@outerlinewidth@length=\skip116
\mdf@roundcorner@length=\skip117
\mdf@footenotedistance@length=\skip118
\mdf@userdefinedwidth@length=\skip119
\mdf@needspace@length=\skip120
\mdf@frametitleaboveskip@length=\skip121
\mdf@frametitlebelowskip@length=\skip122
\mdf@frametitlerulewidth@length=\skip123
\mdf@frametitleleftmargin@length=\skip124
\mdf@frametitlerightmargin@length=\skip125
\mdf@shadowsize@length=\skip126
\mdf@extratopheight@length=\skip127
\mdf@subtitleabovelinewidth@length=\skip128
\mdf@subtitlebelowlinewidth@length=\skip129
\mdf@subtitleaboveskip@length=\skip130
\mdf@subtitlebelowskip@length=\skip131
\mdf@subtitleinneraboveskip@length=\skip132
\mdf@subtitleinnerbelowskip@length=\skip133
\mdf@subsubtitleabovelinewidth@length=\skip134
\mdf@subsubtitlebelowlinewidth@length=\skip135
\mdf@subsubtitleaboveskip@length=\skip136
\mdf@subsubtitlebelowskip@length=\skip137
\mdf@subsubtitleinneraboveskip@length=\skip138
\mdf@subsubtitleinnerbelowskip@length=\skip139
 (/opt/homebrew/Cellar/texlive/20250308_1/share/texmf-dist/tex/latex/mdframed/md-frame-0.mdf
File: md-frame-0.mdf 2013/07/01\ 1.9b: md-frame-0
)
\mdf@frametitlebox=\box119
\mdf@footnotebox=\box120
\mdf@splitbox@one=\box121
\mdf@splitbox@two=\box122
\mdf@splitbox@save=\box123
\mdfsplitboxwidth=\skip140
\mdfsplitboxtotalwidth=\skip141
\mdfsplitboxheight=\skip142
\mdfsplitboxdepth=\skip143
\mdfsplitboxtotalheight=\skip144
\mdfframetitleboxwidth=\skip145
\mdfframetitleboxtotalwidth=\skip146
\mdfframetitleboxheight=\skip147
\mdfframetitleboxdepth=\skip148
\mdfframetitleboxtotalheight=\skip149
\mdffootnoteboxwidth=\skip150
\mdffootnoteboxtotalwidth=\skip151
\mdffootnoteboxheight=\skip152
\mdffootnoteboxdepth=\skip153
\mdffootnoteboxtotalheight=\skip154
\mdftotallinewidth=\skip155
\mdfboundingboxwidth=\skip156
\mdfboundingboxtotalwidth=\skip157
\mdfboundingboxheight=\skip158
\mdfboundingboxdepth=\skip159
\mdfboundingboxtotalheight=\skip160
\mdf@freevspace@length=\skip161
\mdf@horizontalwidthofbox@length=\skip162
\mdf@verticalmarginwhole@length=\skip163
\mdf@horizontalspaceofbox=\skip164
\mdfsubtitleheight=\skip165
\mdfsubsubtitleheight=\skip166
\c@mdfcountframes=\count379

****** mdframed patching \endmdf@trivlist

****** -- success******

\mdf@envdepth=\count380
\c@mdf@env@i=\count381
\c@mdf@env@ii=\count382
\c@mdf@zref@counter=\count383
Package zref Info: New property: mdf@pagevalue on input line 895.
) (/opt/homebrew/Cellar/texlive/20250308_1/share/texmf-dist/tex/latex/enumitem/enumitem.sty
Package: enumitem 2025/02/06 v3.11 Customized lists
\labelindent=\skip167
\enit@outerparindent=\dimen336
\enit@toks=\toks72
\enit@inbox=\box124
\enit@count@id=\count384
\enitdp@description=\count385
) (/opt/homebrew/Cellar/texlive/20250308_1/share/texmf-dist/tex/latex/titlesec/titlesec.sty
Package: titlesec 2025/01/04 v2.17 Sectioning titles
\ttl@box=\box125
\beforetitleunit=\skip168
\aftertitleunit=\skip169
\ttl@plus=\dimen337
\ttl@minus=\dimen338
\ttl@toksa=\toks73
\titlewidth=\dimen339
\titlewidthlast=\dimen340
\titlewidthfirst=\dimen341
) (/opt/homebrew/Cellar/texlive/20250308_1/share/texmf-dist/tex/latex/minitoc/minitoc.sty
Package: minitoc 2018/07/12 v62 Package minitoc
 (/opt/homebrew/Cellar/texlive/20250308_1/share/texmf-dist/tex/latex/minitoc/mtcmess.sty
Package: mtcmess 2006/03/14
)
Package minitoc Info: I0001
(minitoc)             *** minitoc package, version 62 ***.
\tf@mtc=\write5
\mtcindent=\skip170
\mtcskipamount=\skip171
Package minitoc Info: I0005
(minitoc)             compatible with hyperref.
Package minitoc Info: I0023
(minitoc)             part level macros available.
Package minitoc Info: I0003
(minitoc)             chapter level macros available.
\mtc@toks=\toks74
\mtc@strutbox=\box126
\mtc@hstrutbox=\box127
Package minitoc Info: I0002
(minitoc)             Autoconfiguration of extensions.
\openout5 = `main.mtc0'.

\openout5 = `main.mtc'.

 (./main.mtc0)
Package minitoc Info: I0012
(minitoc)             Long extensions (Unix-like) will be used.
Package minitoc Info: I0031
(minitoc)             ==> this version is configured for UNIX-like 
(minitoc)                 (long extensions) file names.
\openout5 = `main.mtc'.

\openout5 = `main.mtc0'.

\c@mtc=\count386
\c@minitocdepth=\count387
\c@ptc=\count388
\c@parttocdepth=\count389
\ptcindent=\skip172
Package minitoc Info: I0010
(minitoc)             The english language is selected.
(minitoc)              on input line 4910.
 (/opt/homebrew/Cellar/texlive/20250308_1/share/texmf-dist/tex/latex/minitoc/english.mld
File: english.mld 2006/01/13
) (/opt/homebrew/Cellar/texlive/20250308_1/share/texmf-dist/tex/latex/minitoc/english.mld
File: english.mld 2006/01/13
)) (/opt/homebrew/Cellar/texlive/20250308_1/share/texmf-dist/tex/latex/geometry/geometry.sty
Package: geometry 2020/01/02 v5.9 Page Geometry
 (/opt/homebrew/Cellar/texlive/20250308_1/share/texmf-dist/tex/generic/iftex/ifvtex.sty
Package: ifvtex 2019/10/25 v1.7 ifvtex legacy package. Use iftex instead.
)
\Gm@cnth=\count390
\Gm@cntv=\count391
\c@Gm@tempcnt=\count392
\Gm@bindingoffset=\dimen342
\Gm@wd@mp=\dimen343
\Gm@odd@mp=\dimen344
\Gm@even@mp=\dimen345
\Gm@layoutwidth=\dimen346
\Gm@layoutheight=\dimen347
\Gm@layouthoffset=\dimen348
\Gm@layoutvoffset=\dimen349
\Gm@dimlist=\toks75
) (/opt/homebrew/Cellar/texlive/20250308_1/share/texmf-dist/tex/latex/nicematrix/nicematrix.sty
Package: nicematrix 2025/03/04 v7.1a Enhanced arrays with the help of PGF/TikZ
\g__nicematrix_env_int=\count393
\g__nicematrix_NiceMatrixBlock_int=\count394
\g__nicematrix_notes_caption_int=\count395
\l__nicematrix_columns_width_dim=\dimen350
\l__nicematrix_col_width_dim=\dimen351
\g__nicematrix_row_total_int=\count396
\g__nicematrix_col_total_int=\count397
\g__nicematrix_last_row_node_int=\count398
\l__nicematrix_key_nb_rows_int=\count399
\g__nicematrix_blocks_wd_dim=\dimen352
\g__nicematrix_blocks_ht_dim=\dimen353
\g__nicematrix_blocks_dp_dim=\dimen354
\l__nicematrix_width_dim=\dimen355
\l__nicematrix_tabular_width_dim=\dimen356
\l__nicematrix_rule_width_dim=\dimen357
\l__nicematrix_old_iRow_int=\count400
\l__nicematrix_old_jCol_int=\count401
\g__nicematrix_total_X_weight_int=\count402
\l__nicematrix_X_columns_dim=\dimen358
\l__nicematrix_x_initial_dim=\dimen359
\l__nicematrix_y_initial_dim=\dimen360
\l__nicematrix_x_final_dim=\dimen361
\l__nicematrix_y_final_dim=\dimen362
\l__nicematrix_tmpc_dim=\dimen363
\l__nicematrix_tmpd_dim=\dimen364
\l__nicematrix_tmpe_dim=\dimen365
\l__nicematrix_tmpf_dim=\dimen366
\g__nicematrix_dp_row_zero_dim=\dimen367
\g__nicematrix_ht_row_zero_dim=\dimen368
\g__nicematrix_ht_row_one_dim=\dimen369
\g__nicematrix_dp_ante_last_row_dim=\dimen370
\g__nicematrix_ht_last_row_dim=\dimen371
\g__nicematrix_dp_last_row_dim=\dimen372
\g__nicematrix_width_last_col_dim=\dimen373
\g__nicematrix_width_first_col_dim=\dimen374
\l__nicematrix_row_min_int=\count403
\l__nicematrix_row_max_int=\count404
\l__nicematrix_col_min_int=\count405
\l__nicematrix_col_max_int=\count406
\l__nicematrix_start_int=\count407
\l__nicematrix_end_int=\count408
\l__nicematrix_local_start_int=\count409
\l__nicematrix_local_end_int=\count410
\g__nicematrix_static_num_of_col_int=\count411
\l__nicematrix_rounded_corners_dim=\dimen375
\l__nicematrix_tab_rounded_corners_dim=\dimen376
\l__nicematrix_offset_dim=\dimen377
\l__nicematrix_line_width_dim=\dimen378
\g__nicematrix_block_box_int=\count412
\l__nicematrix_submatrix_extra_height_dim=\dimen379
\l__nicematrix_submatrix_left_xshift_dim=\dimen380
\l__nicematrix_submatrix_right_xshift_dim=\dimen381
\l__nicematrix_first_row_int=\count413
\l__nicematrix_first_col_int=\count414
\l__nicematrix_last_row_int=\count415
\l__nicematrix_last_col_int=\count416
\c@tabularnote=\count417
\g__nicematrix_tabularnote_int=\count418
\c@nicematrix_draft=\count419
\l__nicematrix_cell_space_top_limit_dim=\dimen382
\l__nicematrix_cell_space_bottom_limit_dim=\dimen383
\l__nicematrix_xdots_inter_dim=\dimen384
\l__nicematrix_xdots_shorten_start_dim=\dimen385
\l__nicematrix_xdots_shorten_end_dim=\dimen386
\l__nicematrix_xdots_radius_dim=\dimen387
\l__nicematrix_notes_above_space_dim=\dimen388
\l__nicematrix_left_margin_dim=\dimen389
\l__nicematrix_right_margin_dim=\dimen390
\l__nicematrix_extra_left_margin_dim=\dimen391
\l__nicematrix_extra_right_margin_dim=\dimen392
\c__nicematrix_max_l_dim=\dimen393
\l__nicematrix_position_int=\count420
\l__nicematrix_multiplicity_int=\count421
\l__nicematrix_brace_yshift_dim=\dimen394
) (/opt/homebrew/Cellar/texlive/20250308_1/share/texmf-dist/tex/latex/forest/forest.sty
Package: forest 2017/07/14 v2.1.5 Drawing (linguistic) trees
 (/opt/homebrew/Cellar/texlive/20250308_1/share/texmf-dist/tex/generic/pgf/frontendlayer/tikz/libraries/tikzlibraryshapes.code.tex
File: tikzlibraryshapes.code.tex 2023-01-15 v3.1.10 (3.1.10)
 (/opt/homebrew/Cellar/texlive/20250308_1/share/texmf-dist/tex/generic/pgf/frontendlayer/tikz/libraries/tikzlibraryshapes.geometric.code.tex
File: tikzlibraryshapes.geometric.code.tex 2023-01-15 v3.1.10 (3.1.10)
 (/opt/homebrew/Cellar/texlive/20250308_1/share/texmf-dist/tex/generic/pgf/libraries/shapes/pgflibraryshapes.geometric.code.tex
File: pgflibraryshapes.geometric.code.tex 2023-01-15 v3.1.10 (3.1.10)
)) (/opt/homebrew/Cellar/texlive/20250308_1/share/texmf-dist/tex/generic/pgf/frontendlayer/tikz/libraries/tikzlibraryshapes.misc.code.tex
File: tikzlibraryshapes.misc.code.tex 2023-01-15 v3.1.10 (3.1.10)
 (/opt/homebrew/Cellar/texlive/20250308_1/share/texmf-dist/tex/generic/pgf/libraries/shapes/pgflibraryshapes.misc.code.tex
File: pgflibraryshapes.misc.code.tex 2023-01-15 v3.1.10 (3.1.10)
)) (/opt/homebrew/Cellar/texlive/20250308_1/share/texmf-dist/tex/generic/pgf/frontendlayer/tikz/libraries/tikzlibraryshapes.symbols.code.tex
File: tikzlibraryshapes.symbols.code.tex 2023-01-15 v3.1.10 (3.1.10)
 (/opt/homebrew/Cellar/texlive/20250308_1/share/texmf-dist/tex/generic/pgf/libraries/shapes/pgflibraryshapes.symbols.code.tex
File: pgflibraryshapes.symbols.code.tex 2023-01-15 v3.1.10 (3.1.10)
)) (/opt/homebrew/Cellar/texlive/20250308_1/share/texmf-dist/tex/generic/pgf/frontendlayer/tikz/libraries/tikzlibraryshapes.arrows.code.tex
File: tikzlibraryshapes.arrows.code.tex 2023-01-15 v3.1.10 (3.1.10)
 (/opt/homebrew/Cellar/texlive/20250308_1/share/texmf-dist/tex/generic/pgf/libraries/shapes/pgflibraryshapes.arrows.code.tex
File: pgflibraryshapes.arrows.code.tex 2023-01-15 v3.1.10 (3.1.10)
)) (/opt/homebrew/Cellar/texlive/20250308_1/share/texmf-dist/tex/generic/pgf/frontendlayer/tikz/libraries/tikzlibraryshapes.callouts.code.tex (/opt/homebrew/Cellar/texlive/20250308_1/share/texmf-dist/tex/generic/pgf/libraries/shapes/pgflibraryshapes.callouts.code.tex)) (/opt/homebrew/Cellar/texlive/20250308_1/share/texmf-dist/tex/generic/pgf/frontendlayer/tikz/libraries/tikzlibraryshapes.multipart.code.tex
File: tikzlibraryshapes.multipart.code.tex 2023-01-15 v3.1.10 (3.1.10)
 (/opt/homebrew/Cellar/texlive/20250308_1/share/texmf-dist/tex/generic/pgf/libraries/shapes/pgflibraryshapes.multipart.code.tex
File: pgflibraryshapes.multipart.code.tex 2023-01-15 v3.1.10 (3.1.10)
\pgfnodepartlowerbox=\box128
\pgfnodeparttwobox=\box129
\pgfnodepartthreebox=\box130
\pgfnodepartfourbox=\box131
\pgfnodeparttwentybox=\box132
\pgfnodepartnineteenbox=\box133
\pgfnodeparteighteenbox=\box134
\pgfnodepartseventeenbox=\box135
\pgfnodepartsixteenbox=\box136
\pgfnodepartfifteenbox=\box137
\pgfnodepartfourteenbox=\box138
\pgfnodepartthirteenbox=\box139
\pgfnodeparttwelvebox=\box140
\pgfnodepartelevenbox=\box141
\pgfnodeparttenbox=\box142
\pgfnodepartninebox=\box143
\pgfnodeparteightbox=\box144
\pgfnodepartsevenbox=\box145
\pgfnodepartsixbox=\box146
\pgfnodepartfivebox=\box147
))) (/opt/homebrew/Cellar/texlive/20250308_1/share/texmf-dist/tex/generic/pgf/frontendlayer/tikz/libraries/tikzlibraryfit.code.tex
File: tikzlibraryfit.code.tex 2023-01-15 v3.1.10 (3.1.10)
) (/opt/homebrew/Cellar/texlive/20250308_1/share/texmf-dist/tex/generic/pgf/frontendlayer/tikz/libraries/tikzlibrarycalc.code.tex
File: tikzlibrarycalc.code.tex 2023-01-15 v3.1.10 (3.1.10)
) (/opt/homebrew/Cellar/texlive/20250308_1/share/texmf-dist/tex/generic/pgf/libraries/pgflibraryintersections.code.tex
\pgf@intersect@solutions=\count422
) (/opt/homebrew/Cellar/texlive/20250308_1/share/texmf-dist/tex/latex/pgfopts/pgfopts.sty
Package: pgfopts 2014/07/10 v2.1a LaTeX package options with pgfkeys
\pgfopts@list@add@a@toks=\toks76
\pgfopts@list@add@b@toks=\toks77
) (/opt/homebrew/Cellar/texlive/20250308_1/share/texmf-dist/tex/latex/elocalloc/elocalloc.sty
Package: elocalloc 2016/12/15 v0.03 local allocation for LaTeX 2015+ (DPC)
) (/opt/homebrew/Cellar/texlive/20250308_1/share/texmf-dist/tex/latex/environ/environ.sty
Package: environ 2014/05/04 v0.3 A new way to define environments
 (/opt/homebrew/Cellar/texlive/20250308_1/share/texmf-dist/tex/latex/trimspaces/trimspaces.sty
Package: trimspaces 2009/09/17 v1.1 Trim spaces around a token list
)) (/opt/homebrew/Cellar/texlive/20250308_1/share/texmf-dist/tex/latex/inlinedef/inlinedef.sty
Package: inlinedef 2008/07/10 v1.0 Inlined expansions within definitions
\ID@toks=\toks78
\ID@count=\count423
)
\ID@usercommands=\toks79
\safeloop@depth=\count424
\safeRKloop@depth=\count425
\forest@temp@dimen=\dimen395
\forest@temp@count=\count426
\forest@n=\count427
\forest@temp@global@count=\count428
\forest@temp@toks=\toks80
\forest@temparray@M=\count429
\forest@temparray@N=\count430
\forest@global@temparray@M=\count431
\forest@global@temparray@N=\count432
\forest@isnum@count=\count433
\forest@isdim@nonintpart=\count434
\forest@isdim@dimen=\dimen396
\forest@sort@m=\count435
\forest@sort@k=\count436
\forest@sort@p=\count437
\bracket@content=\toks81
\bracket@afterthought=\toks82
\forest@node@maxid=\count438
\forest@process@left@M=\count439
\forest@process@left@N=\count440
\forest@process@right@M=\count441
\forest@process@right@N=\count442
\forest@process@saved@M=\count443
\forest@process@saved@N=\count444
\forest@process@result@M=\count445
\forest@process@result@N=\count446
\forest@process@n=\count447
\forest@nodewalk@branch@toks=\toks83
\forest@nodewalk@shortsteps@resolution=\toks84
\forest@do@dynamics=\toks85
\forest@box=\box148
\forest@xg=\dimen397
\forest@yg=\dimen398
\forest@xs=\dimen399
\forest@ys=\dimen400
\forest@pi@toks=\toks86
\forest@segment@toks=\toks87
\forest@PIi@toks=\toks88
\forest@PIii@toks=\toks89
\forest@copy@in=\read4
\forest@copy@out=\write6
\forest@externalize@max@outer@n=\count448
\forest@externalize@inner@n=\count449
) (/opt/homebrew/Cellar/texlive/20250308_1/share/texmf-dist/tex/generic/tikz-cd/tikzlibrarycd.code.tex (/opt/homebrew/Cellar/texlive/20250308_1/share/texmf-dist/tex/generic/pgf/frontendlayer/tikz/libraries/tikzlibrarymatrix.code.tex
File: tikzlibrarymatrix.code.tex 2023-01-15 v3.1.10 (3.1.10)
) (/opt/homebrew/Cellar/texlive/20250308_1/share/texmf-dist/tex/generic/pgf/frontendlayer/tikz/libraries/tikzlibraryquotes.code.tex
File: tikzlibraryquotes.code.tex 2023-01-15 v3.1.10 (3.1.10)
) (/opt/homebrew/Cellar/texlive/20250308_1/share/texmf-dist/tex/generic/pgf/libraries/pgflibraryarrows.meta.code.tex
File: pgflibraryarrows.meta.code.tex 2023-01-15 v3.1.10 (3.1.10)
\pgfarrowinset=\dimen401
\pgfarrowlength=\dimen402
\pgfarrowwidth=\dimen403
\pgfarrowlinewidth=\dimen404
)) (/opt/homebrew/Cellar/texlive/20250308_1/share/texmf-dist/tex/generic/pgf/frontendlayer/tikz/libraries/tikzlibrarypatterns.code.tex
File: tikzlibrarypatterns.code.tex 2023-01-15 v3.1.10 (3.1.10)
 (/opt/homebrew/Cellar/texlive/20250308_1/share/texmf-dist/tex/generic/pgf/libraries/pgflibrarypatterns.code.tex
File: pgflibrarypatterns.code.tex 2023-01-15 v3.1.10 (3.1.10)
)) (/opt/homebrew/Cellar/texlive/20250308_1/share/texmf-dist/tex/generic/pgf/frontendlayer/tikz/libraries/tikzlibraryangles.code.tex
File: tikzlibraryangles.code.tex 2023-01-15 v3.1.10 (3.1.10)
) (/opt/homebrew/Cellar/texlive/20250308_1/share/texmf-dist/tex/generic/pgf/frontendlayer/tikz/libraries/tikzlibraryintersections.code.tex) (/opt/homebrew/Cellar/texlive/20250308_1/share/texmf-dist/tex/generic/pgf/frontendlayer/tikz/libraries/tikzlibrary3d.code.tex
File: tikzlibrary3d.code.tex 2023-01-15 v3.1.10 (3.1.10)
) (/opt/homebrew/Cellar/texlive/20250308_1/share/texmf-dist/tex/generic/pgf/frontendlayer/tikz/libraries/tikzlibraryautomata.code.tex
File: tikzlibraryautomata.code.tex 2023-01-15 v3.1.10 (3.1.10)
) (/opt/homebrew/Cellar/texlive/20250308_1/share/texmf-dist/tex/generic/pgf/frontendlayer/tikz/libraries/tikzlibrarypositioning.code.tex
File: tikzlibrarypositioning.code.tex 2023-01-15 v3.1.10 (3.1.10)
) (/opt/homebrew/Cellar/texlive/20250308_1/share/texmf-dist/tex/generic/pgfplots/libs/tikzlibrarypgfplots.fillbetween.code.tex (/opt/homebrew/Cellar/texlive/20250308_1/share/texmf-dist/tex/generic/pgfplots/pgfcontrib/tikzlibraryfillbetween.code.tex
(/opt/homebrew/Cellar/texlive/20250308_1/share/texmf-dist/tex/generic/pgfplots/pgfcontrib/tikzlibrarydecorations.softclip.code.tex (/opt/homebrew/Cellar/texlive/20250308_1/share/texmf-dist/tex/generic/pgfplots/pgfcontrib/pgflibraryfillbetween.code.tex))) (/opt/homebrew/Cellar/texlive/20250308_1/share/texmf-dist/tex/generic/pgfplots/libs/tikzlibrarypgfplots.decorations.softclip.code.tex))
\c@remark=\count450
\c@proposition=\count451
\c@lemma=\count452
\c@proof=\count453
\c@example=\count454
Package minitoc Info: I0008
(minitoc)             Horizontal rules are inhibited 
(minitoc)             for the minitocs on input line 233.
Package minitoc Info: I0008
(minitoc)             Horizontal rules are inhibited 
(minitoc)             for the parttocs on input line 234.
 (./main.aux (./subjects/Topologie/main_topologie.aux))
\openout1 = `main.aux'.

LaTeX Font Info:    Checking defaults for OML/cmm/m/it on input line 250.
LaTeX Font Info:    ... okay on input line 250.
LaTeX Font Info:    Checking defaults for OMS/cmsy/m/n on input line 250.
LaTeX Font Info:    ... okay on input line 250.
LaTeX Font Info:    Checking defaults for OT1/cmr/m/n on input line 250.
LaTeX Font Info:    ... okay on input line 250.
LaTeX Font Info:    Checking defaults for T1/cmr/m/n on input line 250.
LaTeX Font Info:    ... okay on input line 250.
LaTeX Font Info:    Checking defaults for TS1/cmr/m/n on input line 250.
LaTeX Font Info:    ... okay on input line 250.
LaTeX Font Info:    Checking defaults for OMX/cmex/m/n on input line 250.
LaTeX Font Info:    ... okay on input line 250.
LaTeX Font Info:    Checking defaults for U/cmr/m/n on input line 250.
LaTeX Font Info:    ... okay on input line 250.
LaTeX Font Info:    Checking defaults for PD1/pdf/m/n on input line 250.
LaTeX Font Info:    ... okay on input line 250.
LaTeX Font Info:    Checking defaults for PU/pdf/m/n on input line 250.
LaTeX Font Info:    ... okay on input line 250.
LaTeX Info: Redefining \degres on input line 250.
Package french.ldf Info: Setting StandardItemizeEnv=true for
(french.ldf)             compatibility with enumitem package,
(french.ldf)             reported on input line 250.
Package french.ldf Info: Setting StandardEnumerateEnv=true for
(french.ldf)             compatibility with enumitem package,
(french.ldf)             reported on input line 250.
LaTeX Info: Redefining \up on input line 250.
 (/opt/homebrew/Cellar/texlive/20250308_1/share/texmf-dist/tex/context/base/mkii/supp-pdf.mkii
[Loading MPS to PDF converter (version 2006.09.02).]
\scratchcounter=\count455
\scratchdimen=\dimen405
\scratchbox=\box149
\nofMPsegments=\count456
\nofMParguments=\count457
\everyMPshowfont=\toks90
\MPscratchCnt=\count458
\MPscratchDim=\dimen406
\MPnumerator=\count459
\makeMPintoPDFobject=\count460
\everyMPtoPDFconversion=\toks91
) (/opt/homebrew/Cellar/texlive/20250308_1/share/texmf-dist/tex/latex/epstopdf-pkg/epstopdf-base.sty
Package: epstopdf-base 2020-01-24 v2.11 Base part for package epstopdf
Package epstopdf-base Info: Redefining graphics rule for `.eps' on input line 485.
 (/opt/homebrew/Cellar/texlive/20250308_1/share/texmf-dist/tex/latex/latexconfig/epstopdf-sys.cfg
File: epstopdf-sys.cfg 2010/07/13 v1.3 Configuration of (r)epstopdf for TeX Live
))
Package caption Info: Begin \AtBeginDocument code.
Package caption Info: hyperref package is loaded.
Package caption Info: listings package is loaded.
Package caption Info: End \AtBeginDocument code.
Package hyperref Info: Link coloring OFF on input line 250.
 (./main.out) (./main.out)
\@outlinefile=\write7
\openout7 = `main.out'.

\c@lstlisting=\count461


Package pgfplots Warning: running in backwards compatibility mode (unsuitable tick labels; missing features). Consider writing \pgfplotsset{compat=1.18} into your preamble.
 on input line 250.

Package minitoc(hints) Info: I0049
(minitoc(hints))             ==> You requested the hints option. 
(minitoc(hints))             Some hints are eventually given below.

Package minitoc(hints) Warning: W0099
(minitoc(hints))                --- The titlesec package is loaded. 
(minitoc(hints))                It is incompatible 
(minitoc(hints))                with the minitoc package.


Package minitoc(hints) Warning: W0030
(minitoc(hints))                --- The \part command is altered 
(minitoc(hints))                after minitoc.


Package minitoc(hints) Warning: W0023
(minitoc(hints))                --- It may be the consequence 
(minitoc(hints))                of loading the ``hyperref'' package.

*geometry* driver: auto-detecting
*geometry* detected driver: pdftex
*geometry* verbose mode - [ preamble ] result:
* driver: pdftex
* paper: <default>
* layout: <same size as paper>
* layoutoffset:(h,v)=(0.0pt,0.0pt)
* modes: twoside 
* h-part:(L,W,R)=(99.58464pt, 415.12572pt, 99.58464pt)
* v-part:(T,H,B)=(85.35826pt, 624.25346pt, 85.35826pt)
* \paperwidth=614.295pt
* \paperheight=794.96999pt
* \textwidth=415.12572pt
* \textheight=624.25346pt
* \oddsidemargin=27.31465pt
* \evensidemargin=27.31465pt
* \topmargin=-16.97922pt
* \headheight=12.0pt
* \headsep=18.06749pt
* \topskip=10.0pt
* \footskip=25.29494pt
* \marginparwidth=125.0pt
* \marginparsep=7.0pt
* \columnsep=10.0pt
* \skip\footins=9.0pt plus 4.0pt minus 2.0pt
* \hoffset=0.0pt
* \voffset=0.0pt
* \mag=1000
* \@twocolumnfalse
* \@twosidetrue
* \@mparswitchtrue
* \@reversemarginfalse
* (1in=72.27pt=25.4mm, 1cm=28.453pt)

\c__nicematrix_shift_Ldots_last_row_dim=\dimen407
\c__nicematrix_shift_exterior_Vdots_dim=\dimen408
\c__nicematrix_innersep_middle_dim=\dimen409
\c@tabularnotesi=\count462
\enitdp@tabularnotes=\count463
\c@tabularnotes*i=\count464
\enitdp@tabularnotes*=\count465
Package minitoc Info: I0024
(minitoc)             PREPARING MINITOCS FROM main.toc on input line 254.
Package minitoc Info: I0033
(minitoc)             Writing main.mtc1.
\openout5 = `main.mtc1'.

Package minitoc Info: I0033
(minitoc)             Writing main.mtc2.
\openout5 = `main.mtc2'.

Package minitoc Info: I0033
(minitoc)             Writing main.mtc3.
\openout5 = `main.mtc3'.

Package minitoc Info: I0033
(minitoc)             Writing main.mtc4.
\openout5 = `main.mtc4'.

Package minitoc Info: I0033
(minitoc)             Writing main.mtc5.
\openout5 = `main.mtc5'.

Package minitoc Info: I0033
(minitoc)             Writing main.mtc6.
\openout5 = `main.mtc6'.

(./titlepage.tex
<./images/titlepage.png, id=79, 472.76625pt x 394.47375pt>
File: ./images/titlepage.png Graphic file (type png)
<use ./images/titlepage.png>
Package pdftex.def Info: ./images/titlepage.png  used on input line 15.
(pdftex.def)             Requested size: 330.93411pt x 276.12973pt.


[1


{/opt/homebrew/Cellar/texlive/20250308_1/share/texmf-dist/fonts/map/pdftex/updmap/pdftex.map}{/opt/homebrew/Cellar/texlive/20250308_1/share/texmf-dist/fonts/enc/dvips/lm/lm-ec.enc} <./images/titlepage.png>]) (./main.toc
LaTeX Font Info:    Trying to load font information for OT1+lmr on input line 4.
 (/opt/homebrew/Cellar/texlive/20250308_1/share/texmf-dist/tex/latex/lm/ot1lmr.fd
File: ot1lmr.fd 2015/05/01 v1.6.1 Font defs for Latin Modern
)
LaTeX Font Info:    Trying to load font information for OML+lmm on input line 4.
 (/opt/homebrew/Cellar/texlive/20250308_1/share/texmf-dist/tex/latex/lm/omllmm.fd
File: omllmm.fd 2015/05/01 v1.6.1 Font defs for Latin Modern
)
LaTeX Font Info:    Trying to load font information for OMS+lmsy on input line 4.
 (/opt/homebrew/Cellar/texlive/20250308_1/share/texmf-dist/tex/latex/lm/omslmsy.fd
File: omslmsy.fd 2015/05/01 v1.6.1 Font defs for Latin Modern
)
LaTeX Font Info:    Trying to load font information for OMX+lmex on input line 4.
 (/opt/homebrew/Cellar/texlive/20250308_1/share/texmf-dist/tex/latex/lm/omxlmex.fd
File: omxlmex.fd 2015/05/01 v1.6.1 Font defs for Latin Modern
)
LaTeX Font Info:    External font `lmex10' loaded for size
(Font)              <10> on input line 4.
LaTeX Font Info:    External font `lmex10' loaded for size
(Font)              <7> on input line 4.
LaTeX Font Info:    External font `lmex10' loaded for size
(Font)              <5> on input line 4.
LaTeX Font Info:    Trying to load font information for U+msa on input line 4.
 (/opt/homebrew/Cellar/texlive/20250308_1/share/texmf-dist/tex/latex/amsfonts/umsa.fd
File: umsa.fd 2013/01/14 v3.01 AMS symbols A
)
LaTeX Font Info:    Trying to load font information for U+msb on input line 4.
 (/opt/homebrew/Cellar/texlive/20250308_1/share/texmf-dist/tex/latex/amsfonts/umsb.fd
File: umsb.fd 2013/01/14 v3.01 AMS symbols B
)
LaTeX Font Info:    Trying to load font information for U+stmry on input line 4.
 (/opt/homebrew/Cellar/texlive/20250308_1/share/texmf-dist/tex/latex/stmaryrd/Ustmry.fd))
\tf@toc=\write8
\openout8 = `main.toc'.



[2

]
<./images/topologie.png, id=115, 551.05875pt x 465.74pt>
File: ./images/topologie.png Graphic file (type png)
<use ./images/topologie.png>
Package pdftex.def Info: ./images/topologie.png  used on input line 288.
(pdftex.def)             Requested size: 166.04774pt x 140.34135pt.


[3

 <./images/topologie.png>]
\openout2 = `subjects/Topologie/main_topologie.aux'.

 (./subjects/Topologie/main_topologie.tex
Chapitre 1.
(./subjects/Topologie/chapitres/chapitre0_Introduction_R.tex
\openout5 = `main.mtc'.

\openout5 = `main.mtc'.

LaTeX Font Info:    External font `lmex10' loaded for size
(Font)              <9> on input line 5.
LaTeX Font Info:    External font `lmex10' loaded for size
(Font)              <6> on input line 5.
 (./main.mtc1)
Package mdframed Info: mdframed works in twoside mode on input line 18.
Package mdframed Info: mdframed works in twoside mode on input line 24.
Package hyperref Info: bookmark level for unknown example defaults to 0 on input line 32.
Package mdframed Info: mdframed works in twoside mode on input line 36.
Package hyperref Info: bookmark level for unknown remark defaults to 0 on input line 43.


[4


{/opt/homebrew/Cellar/texlive/20250308_1/share/texmf-dist/fonts/enc/dvips/lm/lm-mathit.enc}{/opt/homebrew/Cellar/texlive/20250308_1/share/texmf-dist/fonts/enc/dvips/lm/lm-mathsy.enc}{/opt/homebrew/Cellar/texlive/20250308_1/share/texmf-dist/fonts/enc/dvips/lm/lm-rm.enc}]
Package mdframed Info: mdframed works in twoside mode on input line 51.
Package mdframed Info: mdframed works in twoside mode on input line 63.
Package hyperref Info: bookmark level for unknown proposition defaults to 0 on input line 76.
Package mdframed Info: mdframed works in twoside mode on input line 95.
LaTeX Font Info:    Trying to load font information for TS1+lmr on input line 104.
 (/opt/homebrew/Cellar/texlive/20250308_1/share/texmf-dist/tex/latex/lm/ts1lmr.fd
File: ts1lmr.fd 2015/05/01 v1.6.1 Font defs for Latin Modern
)
Package mdframed Info: mdframed works in twoside mode on input line 115.
Package mdframed Info: Not enough space on this page on input line 117.


[5{/opt/homebrew/Cellar/texlive/20250308_1/share/texmf-dist/fonts/enc/dvips/lm/lm-mathex.enc}{/opt/homebrew/Cellar/texlive/20250308_1/share/texmf-dist/fonts/enc/dvips/lm/lm-ts1.enc}]
Package mdframed Info: Not enough space on this page on input line 117.
LaTeX Font Info:    External font `lmex10' loaded for size
(Font)              <8> on input line 122.
Package hyperref Info: bookmark level for unknown proof defaults to 0 on input line 122.
)

[6]
Chapitre 2.
(./subjects/Topologie/chapitres/chapitre1_Espaces_Metriques.tex
\openout5 = `main.mtc'.

\openout5 = `main.mtc'.

 (./main.mtc2)
Package mdframed Info: mdframed works in twoside mode on input line 21.


[7

]
Package mdframed Info: mdframed works in twoside mode on input line 63.
Package mdframed Info: mdframed works in twoside mode on input line 81.


[8]
Package mdframed Info: mdframed works in twoside mode on input line 121.
Package mdframed Info: mdframed works in twoside mode on input line 136.
Package mdframed Info: mdframed works in twoside mode on input line 159.


[9]
Package mdframed Info: mdframed works in twoside mode on input line 179.
Package mdframed Info: mdframed works in twoside mode on input line 232.


Package mdframed Warning: You got a bad break
(mdframed)                because the last box will be empty
(mdframed)                you have to change it manually
(mdframed)                by changing the text, the space
(mdframed)                or something else on input line 240.

Package mdframed Info: Box was splittet wrong
 starting loop to iterate the splitting point
(mdframed)              on input line 240.


[10]
Package mdframed Info: mdframed works in twoside mode on input line 242.
Package mdframed Info: mdframed works in twoside mode on input line 288.
Package mdframed Info: mdframed works in twoside mode on input line 316.


[11]
Package mdframed Info: mdframed works in twoside mode on input line 345.
Package mdframed Info: mdframed works in twoside mode on input line 382.


[12]
Package mdframed Info: mdframed works in twoside mode on input line 408.
Package mdframed Info: mdframed works in twoside mode on input line 429.


[13]
Package mdframed Info: mdframed works in twoside mode on input line 444.
Package mdframed Info: mdframed works in twoside mode on input line 450.
Package mdframed Info: mdframed works in twoside mode on input line 458.
Package mdframed Info: mdframed works in twoside mode on input line 462.
Package mdframed Info: mdframed works in twoside mode on input line 487.
Package mdframed Info: Not enough space on this page on input line 489.


[14]
Package mdframed Info: Not enough space on this page on input line 489.
Package mdframed Info: mdframed works in twoside mode on input line 493.
)

[15]
Chapitre 3.
(./subjects/Topologie/chapitres/chapitre2_Topologie.tex
\openout5 = `main.mtc'.

\openout5 = `main.mtc'.

 (./main.mtc3)
Package mdframed Info: mdframed works in twoside mode on input line 19.
Package mdframed Info: mdframed works in twoside mode on input line 25.
Package mdframed Info: mdframed works in twoside mode on input line 42.
Package mdframed Info: Box was splittet wrong
 starting loop to iterate the splitting point
(mdframed)              on input line 49.


[16

]
Package mdframed Info: mdframed works in twoside mode on input line 79.
Package mdframed Info: mdframed works in twoside mode on input line 94.
Package mdframed Info: mdframed works in twoside mode on input line 101.
Package mdframed Info: mdframed works in twoside mode on input line 113.
Package mdframed Info: Not enough space on this page on input line 115.


[17]
Package mdframed Info: Not enough space on this page on input line 115.
Package mdframed Info: mdframed works in twoside mode on input line 117.
Package mdframed Info: mdframed works in twoside mode on input line 129.
)

[18]
Chapitre 4.
(./subjects/Topologie/chapitres/chapitre3_Fonctions_Continues.tex
Package minitoc Info: I0006
(minitoc)             main.mtc4 is empty on input line 5.
)

[19

]
Chapitre 5.
(./subjects/Topologie/chapitres/chapitre4_Compacts.tex
\openout5 = `main.mtc'.

\openout5 = `main.mtc'.

 (./main.mtc5)
Package mdframed Info: mdframed works in twoside mode on input line 21.
Package mdframed Info: mdframed works in twoside mode on input line 32.


[20

]
Package mdframed Info: mdframed works in twoside mode on input line 54.
Package mdframed Info: mdframed works in twoside mode on input line 62.
Package mdframed Info: mdframed works in twoside mode on input line 68.
Package mdframed Info: mdframed works in twoside mode on input line 72.
)

[21]
Chapitre 6.
(./subjects/Topologie/chapitres/chapitre5_Connexes.tex
\openout5 = `main.mtc'.

\openout5 = `main.mtc'.

 (./main.mtc6)
Package mdframed Info: mdframed works in twoside mode on input line 19.
))

[22

]
\tf@thm=\write9
\openout9 = `main.thm'.

Package minitoc Info: I0009
(minitoc)             Listing minitoc auxiliary files. 
(minitoc)             Creating the main.maf file.
\openout5 = `main.maf'.



Package minitoc(hints) Warning: W0024
(minitoc(hints))                Some hints have been written 
(minitoc(hints))                in the main.log file.

(./main.aux (./subjects/Topologie/main_topologie.aux))
 ***********
LaTeX2e <2024-11-01> patch level 2
L3 programming layer <2025-01-18>
 ***********
Package rerunfilecheck Info: File `main.out' has not changed.
(rerunfilecheck)             Checksum: 9D4F8180520C02DA04D525D2FADD922A;2654.
 ) 
Here is how much of TeX's memory you used:
 56963 strings out of 473190
 1378700 string characters out of 5704335
 1993746 words of memory out of 5000000
 79200 multiletter control sequences out of 15000+600000
 643738 words of font info for 94 fonts, out of 8000000 for 9000
 1141 hyphenation exceptions out of 8191
 88i,12n,117p,1636b,876s stack positions out of 10000i,1000n,20000p,200000b,200000s
</opt/homebrew/Cellar/texlive/20250308_1/share/texmf-dist/fonts/type1/public/lm/lmbx10.pfb></opt/homebrew/Cellar/texlive/20250308_1/share/texmf-dist/fonts/type1/public/lm/lmbx12.pfb></opt/homebrew/Cellar/texlive/20250308_1/share/texmf-dist/fonts/type1/public/lm/lmbx8.pfb></opt/homebrew/Cellar/texlive/20250308_1/share/texmf-dist/fonts/type1/public/lm/lmbx9.pfb></opt/homebrew/Cellar/texlive/20250308_1/share/texmf-dist/fonts/type1/public/lm/lmex10.pfb></opt/homebrew/Cellar/texlive/20250308_1/share/texmf-dist/fonts/type1/public/lm/lmmi10.pfb></opt/homebrew/Cellar/texlive/20250308_1/share/texmf-dist/fonts/type1/public/lm/lmmi7.pfb></opt/homebrew/Cellar/texlive/20250308_1/share/texmf-dist/fonts/type1/public/lm/lmmi8.pfb></opt/homebrew/Cellar/texlive/20250308_1/share/texmf-dist/fonts/type1/public/lm/lmr10.pfb></opt/homebrew/Cellar/texlive/20250308_1/share/texmf-dist/fonts/type1/public/lm/lmr12.pfb></opt/homebrew/Cellar/texlive/20250308_1/share/texmf-dist/fonts/type1/public/lm/lmr17.pfb></opt/homebrew/Cellar/texlive/20250308_1/share/texmf-dist/fonts/type1/public/lm/lmr7.pfb></opt/homebrew/Cellar/texlive/20250308_1/share/texmf-dist/fonts/type1/public/lm/lmr8.pfb></opt/homebrew/Cellar/texlive/20250308_1/share/texmf-dist/fonts/type1/public/lm/lmr9.pfb></opt/homebrew/Cellar/texlive/20250308_1/share/texmf-dist/fonts/type1/public/lm/lmri10.pfb></opt/homebrew/Cellar/texlive/20250308_1/share/texmf-dist/fonts/type1/public/lm/lmro10.pfb></opt/homebrew/Cellar/texlive/20250308_1/share/texmf-dist/fonts/type1/public/lm/lmsy10.pfb></opt/homebrew/Cellar/texlive/20250308_1/share/texmf-dist/fonts/type1/public/lm/lmsy5.pfb></opt/homebrew/Cellar/texlive/20250308_1/share/texmf-dist/fonts/type1/public/lm/lmsy7.pfb></opt/homebrew/Cellar/texlive/20250308_1/share/texmf-dist/fonts/type1/public/amsfonts/symbols/msam10.pfb></opt/homebrew/Cellar/texlive/20250308_1/share/texmf-dist/fonts/type1/public/amsfonts/symbols/msbm10.pfb></opt/homebrew/Cellar/texlive/20250308_1/share/texmf-dist/fonts/type1/public/amsfonts/symbols/msbm7.pfb>
Output written on main.pdf (22 pages, 1196370 bytes).
PDF statistics:
 453 PDF objects out of 1000 (max. 8388607)
 371 compressed objects within 4 object streams
 113 named destinations out of 1000 (max. 500000)
 179 words of extra memory for PDF output out of 10000 (max. 10000000)

